
Fri Oct 16 2015 16:15:21 GMT-0400 (EDT)

Operating System
  Name                        = Mac OS X
  Version                     = 10.10.5
  Architecture                = 64bit
  # CPUs                      = 8
  Memory                      = 17179869184

Node.js
  Node.js Version             = 0.10.37
  npm Version                 = 1.4.28

Titanium CLI
  CLI Version                 = 5.0.5

Titanium SDK
  SDK Version                 = 5.0.1.GA
  SDK Path                    = /Users/school/Library/Application Support/Titanium/mobilesdk/osx/5.0.1.GA
  Target Platform             = iphone

Command
  /usr/local/bin/node /Users/school/.appcelerator/install/5.0.3/package/node_modules/appc-cli-titanium/node_modules/titanium/bin/titanium build --platform ios --log-level trace --sdk 5.0.1.GA --project-dir /Users/school/Documents/School/AVF/Projects_AVF/AVF_Daroshka_01 --target simulator --ios-version 9.0 --device-family universal --deploy-type development --sim-type ipad --sim-version 9.0 --device-id 1BDBB2D6-E8B3-4C88-ADA0-74EB13B01421 --skip-js-minify --no-colors --no-progress-bars --no-prompt --prompt-type socket-bundle --prompt-port 55398 --plugin-paths /Users/school/.appcelerator/install/5.0.3/package/node_modules --config-file /var/folders/jf/5774189572jc77pjh8658dc80000gn/T/build-1445026517772.json --no-banner

[TRACE]  [ioslib] Validating iOS Simulator UDID 1BDBB2D6-E8B3-4C88-ADA0-74EB13B01421
[TRACE]  [ioslib] Found iOS Simulator UDID 1BDBB2D6-E8B3-4C88-ADA0-74EB13B01421
[TRACE]  [ioslib] Selected iOS Simulator: iPad Air
[TRACE]  [ioslib]   UDID    = 1BDBB2D6-E8B3-4C88-ADA0-74EB13B01421
[TRACE]  [ioslib]   iOS     = 9.0
[TRACE]  [ioslib] Autoselected Xcode: 7.0.1
[INFO]   Symlinked files not supported with iOS 9.0 simulator, forcing files to be copied
[DEBUG]  Detecting modules in /Users/school/Library/Application Support/Titanium/modules
[DEBUG]  Detected android module: com.appcelerator.apm 1.1.1 @ /Users/school/Library/Application Support/Titanium/modules/android/com.appcelerator.apm/1.1.1
[DEBUG]  Detected android module: facebook 3.0.3 @ /Users/school/Library/Application Support/Titanium/modules/android/facebook/3.0.3
[DEBUG]  Detected android module: facebook 4.0.5 @ /Users/school/Library/Application Support/Titanium/modules/android/facebook/4.0.5
[DEBUG]  Detected android module: ti.cloudpush 3.3.7 @ /Users/school/Library/Application Support/Titanium/modules/android/ti.cloudpush/3.3.7
[DEBUG]  Detected android module: ti.cloudpush 3.3.8 @ /Users/school/Library/Application Support/Titanium/modules/android/ti.cloudpush/3.3.8
[DEBUG]  Detected android module: ti.cloudpush 3.4.0 @ /Users/school/Library/Application Support/Titanium/modules/android/ti.cloudpush/3.4.0
[DEBUG]  Detected android module: ti.map 2.2.3 @ /Users/school/Library/Application Support/Titanium/modules/android/ti.map/2.2.3
[DEBUG]  Detected android module: ti.map 2.3.1 @ /Users/school/Library/Application Support/Titanium/modules/android/ti.map/2.3.1
[DEBUG]  Detected android module: ti.map 2.3.3 @ /Users/school/Library/Application Support/Titanium/modules/android/ti.map/2.3.3
[DEBUG]  Detected commonjs module: ti.cloud 3.2.7 @ /Users/school/Library/Application Support/Titanium/modules/commonjs/ti.cloud/3.2.7
[DEBUG]  Detected commonjs module: ti.cloud 3.2.9 @ /Users/school/Library/Application Support/Titanium/modules/commonjs/ti.cloud/3.2.9
[DEBUG]  Detected iphone module: com.appcelerator.apm 1.1.1 @ /Users/school/Library/Application Support/Titanium/modules/iphone/com.appcelerator.apm/1.1.1
[DEBUG]  Detected iphone module: com.appcelerator.urlSession 1.1.0 @ /Users/school/Library/Application Support/Titanium/modules/iphone/com.appcelerator.urlSession/1.1.0
[DEBUG]  Detected iphone module: com.appcelerator.urlSession 1.1.1 @ /Users/school/Library/Application Support/Titanium/modules/iphone/com.appcelerator.urlSession/1.1.1
[DEBUG]  Detected iphone module: facebook 3.2.0 @ /Users/school/Library/Application Support/Titanium/modules/iphone/facebook/3.2.0
[DEBUG]  Detected iphone module: facebook 4.0.5 @ /Users/school/Library/Application Support/Titanium/modules/iphone/facebook/4.0.5
[DEBUG]  Detected iphone module: ti.coremotion 1.1.0 @ /Users/school/Library/Application Support/Titanium/modules/iphone/ti.coremotion/1.1.0
[DEBUG]  Detected iphone module: ti.map 2.2.0 @ /Users/school/Library/Application Support/Titanium/modules/iphone/ti.map/2.2.0
[DEBUG]  Detected iphone module: ti.map 2.3.1 @ /Users/school/Library/Application Support/Titanium/modules/iphone/ti.map/2.3.1
[DEBUG]  Detected iphone module: ti.map 2.4.1 @ /Users/school/Library/Application Support/Titanium/modules/iphone/ti.map/2.4.1
[DEBUG]  Detected iphone module: ti.touchid 1.1.0 @ /Users/school/Library/Application Support/Titanium/modules/iphone/ti.touchid/1.1.0
[DEBUG]  Detected iphone module: ti.touchid 1.2.0 @ /Users/school/Library/Application Support/Titanium/modules/iphone/ti.touchid/1.2.0
[DEBUG]  Looking for Titanium module id=ti.cloud version=latest platform=commonjs deploy-type=development
[INFO]   Found Titanium module id=ti.cloud version=3.2.9 platform=commonjs deploy-type=development path=/Users/school/Library/Application Support/Titanium/modules/commonjs/ti.cloud/3.2.9
[DEBUG]  No project level plugins to load
[DEBUG]  Titanium SDK iOS directory: /Users/school/Library/Application Support/Titanium/mobilesdk/osx/5.0.1.GA/iphone
[INFO]   Deploy type: development
[INFO]   Building for target: simulator
[INFO]   Building using iOS SDK: 9.0
[INFO]   Building for iOS Simulator: iPad Air
[DEBUG]  UDID: 1BDBB2D6-E8B3-4C88-ADA0-74EB13B01421
[DEBUG]  Simulator type: ipad
[DEBUG]  Simulator version: 9.0
[INFO]   Building for device family: universal
[DEBUG]  Setting Xcode target to Debug
[DEBUG]  Setting Xcode build OS to iphonesimulator
[DEBUG]  Xcode installation: /Applications/Xcode.app/Contents/Developer
[DEBUG]  iOS WWDR certificate: installed
[INFO]   Minimum iOS version: 7.1
[INFO]   Debugging disabled
[INFO]   Profiler disabled
[INFO]   Set to copy files instead of symlinking
[INFO]   Forcing clean build: /Users/school/Documents/School/AVF/Projects_AVF/AVF_Daroshka_01/build/iphone/build-manifest.json does not exist
[INFO]   Initializing the build directory
[DEBUG]  Creating /Users/school/Documents/School/AVF/Projects_AVF/AVF_Daroshka_01/build/iphone
[TRACE]  offline build file /var/folders/jf/5774189572jc77pjh8658dc80000gn/T/build-baa527766b542dde34c76beb244c90cc47b8c103.json
[TRACE]  online 1
[TRACE]  optimizing build, last build was 8105.238 sec ago
[INFO]   Creating Xcode project
[TRACE]  Removing pre-compile phase
[TRACE]  No native module libraries to add
[TRACE]  No extensions to add
[DEBUG]  Writing /Users/school/Documents/School/AVF/Projects_AVF/AVF_Daroshka_01/build/iphone/AVF_Daroshka_01.xcodeproj/project.pbxproj
[INFO]   Creating Entitlements.plist
[DEBUG]  Writing /Users/school/Documents/School/AVF/Projects_AVF/AVF_Daroshka_01/build/iphone/AVF_Daroshka_01.entitlements
[INFO]   Creating Info.plist
[INFO]   Disabling ATS
[DEBUG]  Writing /Users/school/Documents/School/AVF/Projects_AVF/AVF_Daroshka_01/build/iphone/Info.plist
[INFO]   Creating main.m
[DEBUG]  Writing /Users/school/Documents/School/AVF/Projects_AVF/AVF_Daroshka_01/build/iphone/main.m
[INFO]   Creating Xcode config files
[DEBUG]  Writing /Users/school/Documents/School/AVF/Projects_AVF/AVF_Daroshka_01/build/iphone/project.xcconfig
[DEBUG]  Writing /Users/school/Documents/School/AVF/Projects_AVF/AVF_Daroshka_01/build/iphone/module.xcconfig
[INFO]   Copying Titanium libraries
[DEBUG]  Copying /Users/school/Library/Application Support/Titanium/mobilesdk/osx/5.0.1.GA/iphone/libTiCore.a => /Users/school/Documents/School/AVF/Projects_AVF/AVF_Daroshka_01/build/iphone/lib/libTiCore.a
[DEBUG]  Copying /Users/school/Library/Application Support/Titanium/mobilesdk/osx/5.0.1.GA/iphone/libtiverify.a => /Users/school/Documents/School/AVF/Projects_AVF/AVF_Daroshka_01/build/iphone/lib/libtiverify.a
[DEBUG]  Copying /Users/school/Library/Application Support/Titanium/mobilesdk/osx/5.0.1.GA/iphone/libti_ios_debugger.a => /Users/school/Documents/School/AVF/Projects_AVF/AVF_Daroshka_01/build/iphone/lib/libti_ios_debugger.a
[DEBUG]  Copying /Users/school/Library/Application Support/Titanium/mobilesdk/osx/5.0.1.GA/iphone/libti_ios_profiler.a => /Users/school/Documents/School/AVF/Projects_AVF/AVF_Daroshka_01/build/iphone/lib/libti_ios_profiler.a
[INFO]   Copying Titanium iOS files
[DEBUG]  Writing /Users/school/Documents/School/AVF/Projects_AVF/AVF_Daroshka_01/build/iphone/Classes/AFOpenFlow/AFItemView.h
[DEBUG]  Writing /Users/school/Documents/School/AVF/Projects_AVF/AVF_Daroshka_01/build/iphone/Classes/AFOpenFlow/AFItemView.m
[DEBUG]  Writing /Users/school/Documents/School/AVF/Projects_AVF/AVF_Daroshka_01/build/iphone/Classes/AFOpenFlow/AFOpenFlowConstants.h
[DEBUG]  Writing /Users/school/Documents/School/AVF/Projects_AVF/AVF_Daroshka_01/build/iphone/Classes/AFOpenFlow/AFOpenFlowView.h
[DEBUG]  Writing /Users/school/Documents/School/AVF/Projects_AVF/AVF_Daroshka_01/build/iphone/Classes/AFOpenFlow/AFOpenFlowView.m
[DEBUG]  Writing /Users/school/Documents/School/AVF/Projects_AVF/AVF_Daroshka_01/build/iphone/Classes/AFOpenFlow/AFUIImageReflection.h
[DEBUG]  Writing /Users/school/Documents/School/AVF/Projects_AVF/AVF_Daroshka_01/build/iphone/Classes/AFOpenFlow/AFUIImageReflection.m
[DEBUG]  Writing /Users/school/Documents/School/AVF/Projects_AVF/AVF_Daroshka_01/build/iphone/Classes/AFOpenFlow/UIImageExtras.h
[DEBUG]  Writing /Users/school/Documents/School/AVF/Projects_AVF/AVF_Daroshka_01/build/iphone/Classes/AFOpenFlow/UIImageExtras.m
[DEBUG]  Writing /Users/school/Documents/School/AVF/Projects_AVF/AVF_Daroshka_01/build/iphone/Classes/APIModule.h
[DEBUG]  Writing /Users/school/Documents/School/AVF/Projects_AVF/AVF_Daroshka_01/build/iphone/Classes/APIModule.m
[DEBUG]  Writing /Users/school/Documents/School/AVF/Projects_AVF/AVF_Daroshka_01/build/iphone/Classes/APSAnalytics/APSAnalytics.h
[DEBUG]  Writing /Users/school/Documents/School/AVF/Projects_AVF/AVF_Daroshka_01/build/iphone/Classes/APSAnalytics/libAPSAnalytics.a
[DEBUG]  Writing /Users/school/Documents/School/AVF/Projects_AVF/AVF_Daroshka_01/build/iphone/Classes/APSHTTPClient/APSHTTPClient.h
[DEBUG]  Writing /Users/school/Documents/School/AVF/Projects_AVF/AVF_Daroshka_01/build/iphone/Classes/APSHTTPClient/APSHTTPHelper.h
[DEBUG]  Writing /Users/school/Documents/School/AVF/Projects_AVF/AVF_Daroshka_01/build/iphone/Classes/APSHTTPClient/APSHTTPPostForm.h
[DEBUG]  Writing /Users/school/Documents/School/AVF/Projects_AVF/AVF_Daroshka_01/build/iphone/Classes/APSHTTPClient/APSHTTPRequest.h
[DEBUG]  Writing /Users/school/Documents/School/AVF/Projects_AVF/AVF_Daroshka_01/build/iphone/Classes/APSHTTPClient/APSHTTPResponse.h
[DEBUG]  Writing /Users/school/Documents/School/AVF/Projects_AVF/AVF_Daroshka_01/build/iphone/Classes/APSHTTPClient/libAPSHTTPClient.a
[DEBUG]  Writing /Users/school/Documents/School/AVF/Projects_AVF/AVF_Daroshka_01/build/iphone/Classes/AccelerometerModule.h
[DEBUG]  Writing /Users/school/Documents/School/AVF/Projects_AVF/AVF_Daroshka_01/build/iphone/Classes/AccelerometerModule.m
[DEBUG]  Writing /Users/school/Documents/School/AVF/Projects_AVF/AVF_Daroshka_01/build/iphone/Classes/AnalyticsModule.h
[DEBUG]  Writing /Users/school/Documents/School/AVF/Projects_AVF/AVF_Daroshka_01/build/iphone/Classes/AnalyticsModule.m
[DEBUG]  Writing /Users/school/Documents/School/AVF/Projects_AVF/AVF_Daroshka_01/build/iphone/Classes/AppModule.h
[DEBUG]  Writing /Users/school/Documents/School/AVF/Projects_AVF/AVF_Daroshka_01/build/iphone/Classes/AppModule.m
[DEBUG]  Writing /Users/school/Documents/School/AVF/Projects_AVF/AVF_Daroshka_01/build/iphone/Classes/ApplicationDefaults.h
[DEBUG]  Writing /Users/school/Documents/School/AVF/Projects_AVF/AVF_Daroshka_01/build/iphone/Classes/ApplicationDefaults.m
[DEBUG]  Writing /Users/school/Documents/School/AVF/Projects_AVF/AVF_Daroshka_01/build/iphone/Classes/ApplicationMods.h
[DEBUG]  Writing /Users/school/Documents/School/AVF/Projects_AVF/AVF_Daroshka_01/build/iphone/Classes/ApplicationMods.m
[DEBUG]  Writing /Users/school/Documents/School/AVF/Projects_AVF/AVF_Daroshka_01/build/iphone/Classes/ApplicationRouting.h
[DEBUG]  Writing /Users/school/Documents/School/AVF/Projects_AVF/AVF_Daroshka_01/build/iphone/Classes/ApplicationRouting.m
[DEBUG]  Writing /Users/school/Documents/School/AVF/Projects_AVF/AVF_Daroshka_01/build/iphone/Classes/AsyncSocket.h
[DEBUG]  Writing /Users/school/Documents/School/AVF/Projects_AVF/AVF_Daroshka_01/build/iphone/Classes/AsyncSocket.m
[DEBUG]  Writing /Users/school/Documents/School/AVF/Projects_AVF/AVF_Daroshka_01/build/iphone/Classes/AsyncUdpSocket.h
[DEBUG]  Writing /Users/school/Documents/School/AVF/Projects_AVF/AVF_Daroshka_01/build/iphone/Classes/AsyncUdpSocket.m
[DEBUG]  Writing /Users/school/Documents/School/AVF/Projects_AVF/AVF_Daroshka_01/build/iphone/Classes/AudioStreamer/AudioStreamer.h
[DEBUG]  Writing /Users/school/Documents/School/AVF/Projects_AVF/AVF_Daroshka_01/build/iphone/Classes/AudioStreamer/AudioStreamer.m
[DEBUG]  Writing /Users/school/Documents/School/AVF/Projects_AVF/AVF_Daroshka_01/build/iphone/Classes/AudioStreamer/AudioStreamerCUR.h
[DEBUG]  Writing /Users/school/Documents/School/AVF/Projects_AVF/AVF_Daroshka_01/build/iphone/Classes/AudioStreamer/AudioStreamerCUR.m
[DEBUG]  Writing /Users/school/Documents/School/AVF/Projects_AVF/AVF_Daroshka_01/build/iphone/Classes/Base64Transcoder.c
[DEBUG]  Writing /Users/school/Documents/School/AVF/Projects_AVF/AVF_Daroshka_01/build/iphone/Classes/Base64Transcoder.h
[DEBUG]  Writing /Users/school/Documents/School/AVF/Projects_AVF/AVF_Daroshka_01/build/iphone/Classes/Bridge.h
[DEBUG]  Writing /Users/school/Documents/School/AVF/Projects_AVF/AVF_Daroshka_01/build/iphone/Classes/Bridge.m
[DEBUG]  Writing /Users/school/Documents/School/AVF/Projects_AVF/AVF_Daroshka_01/build/iphone/Classes/CalendarModule.h
[DEBUG]  Writing /Users/school/Documents/School/AVF/Projects_AVF/AVF_Daroshka_01/build/iphone/Classes/CalendarModule.m
[DEBUG]  Writing /Users/school/Documents/School/AVF/Projects_AVF/AVF_Daroshka_01/build/iphone/Classes/CodecModule.h
[DEBUG]  Writing /Users/school/Documents/School/AVF/Projects_AVF/AVF_Daroshka_01/build/iphone/Classes/CodecModule.m
[DEBUG]  Writing /Users/school/Documents/School/AVF/Projects_AVF/AVF_Daroshka_01/build/iphone/Classes/ContactsModule.h
[DEBUG]  Writing /Users/school/Documents/School/AVF/Projects_AVF/AVF_Daroshka_01/build/iphone/Classes/ContactsModule.m
[DEBUG]  Writing /Users/school/Documents/School/AVF/Projects_AVF/AVF_Daroshka_01/build/iphone/Classes/DatabaseModule.h
[DEBUG]  Writing /Users/school/Documents/School/AVF/Projects_AVF/AVF_Daroshka_01/build/iphone/Classes/DatabaseModule.m
[DEBUG]  Writing /Users/school/Documents/School/AVF/Projects_AVF/AVF_Daroshka_01/build/iphone/Classes/FilesystemModule.h
[DEBUG]  Writing /Users/school/Documents/School/AVF/Projects_AVF/AVF_Daroshka_01/build/iphone/Classes/FilesystemModule.m
[DEBUG]  Writing /Users/school/Documents/School/AVF/Projects_AVF/AVF_Daroshka_01/build/iphone/Classes/GDataXMLNode.h
[DEBUG]  Writing /Users/school/Documents/School/AVF/Projects_AVF/AVF_Daroshka_01/build/iphone/Classes/GDataXMLNode.m
[DEBUG]  Writing /Users/school/Documents/School/AVF/Projects_AVF/AVF_Daroshka_01/build/iphone/Classes/GeolocationModule.h
[DEBUG]  Writing /Users/school/Documents/School/AVF/Projects_AVF/AVF_Daroshka_01/build/iphone/Classes/GeolocationModule.m
[DEBUG]  Writing /Users/school/Documents/School/AVF/Projects_AVF/AVF_Daroshka_01/build/iphone/Classes/GestureModule.h
[DEBUG]  Writing /Users/school/Documents/School/AVF/Projects_AVF/AVF_Daroshka_01/build/iphone/Classes/GestureModule.m
[DEBUG]  Writing /Users/school/Documents/School/AVF/Projects_AVF/AVF_Daroshka_01/build/iphone/Classes/ImageLoader.h
[DEBUG]  Writing /Users/school/Documents/School/AVF/Projects_AVF/AVF_Daroshka_01/build/iphone/Classes/ImageLoader.m
[DEBUG]  Writing /Users/school/Documents/School/AVF/Projects_AVF/AVF_Daroshka_01/build/iphone/Classes/KrollBridge.h
[DEBUG]  Writing /Users/school/Documents/School/AVF/Projects_AVF/AVF_Daroshka_01/build/iphone/Classes/KrollBridge.m
[DEBUG]  Writing /Users/school/Documents/School/AVF/Projects_AVF/AVF_Daroshka_01/build/iphone/Classes/KrollCallback.h
[DEBUG]  Writing /Users/school/Documents/School/AVF/Projects_AVF/AVF_Daroshka_01/build/iphone/Classes/KrollCallback.m
[DEBUG]  Writing /Users/school/Documents/School/AVF/Projects_AVF/AVF_Daroshka_01/build/iphone/Classes/KrollContext.h
[DEBUG]  Writing /Users/school/Documents/School/AVF/Projects_AVF/AVF_Daroshka_01/build/iphone/Classes/KrollContext.m
[DEBUG]  Writing /Users/school/Documents/School/AVF/Projects_AVF/AVF_Daroshka_01/build/iphone/Classes/KrollCoverage.h
[DEBUG]  Writing /Users/school/Documents/School/AVF/Projects_AVF/AVF_Daroshka_01/build/iphone/Classes/KrollCoverage.m
[DEBUG]  Writing /Users/school/Documents/School/AVF/Projects_AVF/AVF_Daroshka_01/build/iphone/Classes/KrollMethod.h
[DEBUG]  Writing /Users/school/Documents/School/AVF/Projects_AVF/AVF_Daroshka_01/build/iphone/Classes/KrollMethod.m
[DEBUG]  Writing /Users/school/Documents/School/AVF/Projects_AVF/AVF_Daroshka_01/build/iphone/Classes/KrollMethodDelegate.h
[DEBUG]  Writing /Users/school/Documents/School/AVF/Projects_AVF/AVF_Daroshka_01/build/iphone/Classes/KrollMethodDelegate.m
[DEBUG]  Writing /Users/school/Documents/School/AVF/Projects_AVF/AVF_Daroshka_01/build/iphone/Classes/KrollObject.h
[DEBUG]  Writing /Users/school/Documents/School/AVF/Projects_AVF/AVF_Daroshka_01/build/iphone/Classes/KrollObject.m
[DEBUG]  Writing /Users/school/Documents/School/AVF/Projects_AVF/AVF_Daroshka_01/build/iphone/Classes/KrollPropertyDelegate.h
[DEBUG]  Writing /Users/school/Documents/School/AVF/Projects_AVF/AVF_Daroshka_01/build/iphone/Classes/KrollPropertyDelegate.m
[DEBUG]  Writing /Users/school/Documents/School/AVF/Projects_AVF/AVF_Daroshka_01/build/iphone/Classes/KrollTimer.h
[DEBUG]  Writing /Users/school/Documents/School/AVF/Projects_AVF/AVF_Daroshka_01/build/iphone/Classes/KrollTimer.m
[DEBUG]  Writing /Users/school/Documents/School/AVF/Projects_AVF/AVF_Daroshka_01/build/iphone/Classes/LauncherButton.h
[DEBUG]  Writing /Users/school/Documents/School/AVF/Projects_AVF/AVF_Daroshka_01/build/iphone/Classes/LauncherButton.m
[DEBUG]  Writing /Users/school/Documents/School/AVF/Projects_AVF/AVF_Daroshka_01/build/iphone/Classes/LauncherItem.h
[DEBUG]  Writing /Users/school/Documents/School/AVF/Projects_AVF/AVF_Daroshka_01/build/iphone/Classes/LauncherItem.m
[DEBUG]  Writing /Users/school/Documents/School/AVF/Projects_AVF/AVF_Daroshka_01/build/iphone/Classes/LauncherView.h
[DEBUG]  Writing /Users/school/Documents/School/AVF/Projects_AVF/AVF_Daroshka_01/build/iphone/Classes/LauncherView.m
[DEBUG]  Writing /Users/school/Documents/School/AVF/Projects_AVF/AVF_Daroshka_01/build/iphone/Classes/LayoutConstraint.h
[DEBUG]  Writing /Users/school/Documents/School/AVF/Projects_AVF/AVF_Daroshka_01/build/iphone/Classes/LayoutConstraint.m
[DEBUG]  Writing /Users/school/Documents/School/AVF/Projects_AVF/AVF_Daroshka_01/build/iphone/Classes/ListenerEntry.h
[DEBUG]  Writing /Users/school/Documents/School/AVF/Projects_AVF/AVF_Daroshka_01/build/iphone/Classes/ListenerEntry.m
[DEBUG]  Writing /Users/school/Documents/School/AVF/Projects_AVF/AVF_Daroshka_01/build/iphone/Classes/LocaleModule.h
[DEBUG]  Writing /Users/school/Documents/School/AVF/Projects_AVF/AVF_Daroshka_01/build/iphone/Classes/LocaleModule.m
[DEBUG]  Writing /Users/school/Documents/School/AVF/Projects_AVF/AVF_Daroshka_01/build/iphone/Classes/MGSplitView/MGSplitCornersView.h
[DEBUG]  Writing /Users/school/Documents/School/AVF/Projects_AVF/AVF_Daroshka_01/build/iphone/Classes/MGSplitView/MGSplitCornersView.m
[DEBUG]  Writing /Users/school/Documents/School/AVF/Projects_AVF/AVF_Daroshka_01/build/iphone/Classes/MGSplitView/MGSplitDividerView.h
[DEBUG]  Writing /Users/school/Documents/School/AVF/Projects_AVF/AVF_Daroshka_01/build/iphone/Classes/MGSplitView/MGSplitDividerView.m
[DEBUG]  Writing /Users/school/Documents/School/AVF/Projects_AVF/AVF_Daroshka_01/build/iphone/Classes/MGSplitView/MGSplitView.h
[DEBUG]  Writing /Users/school/Documents/School/AVF/Projects_AVF/AVF_Daroshka_01/build/iphone/Classes/MGSplitView/MGSplitView.m
[DEBUG]  Writing /Users/school/Documents/School/AVF/Projects_AVF/AVF_Daroshka_01/build/iphone/Classes/MGSplitView/MGSplitViewController.h
[DEBUG]  Writing /Users/school/Documents/School/AVF/Projects_AVF/AVF_Daroshka_01/build/iphone/Classes/MGSplitView/MGSplitViewController.m
[DEBUG]  Writing /Users/school/Documents/School/AVF/Projects_AVF/AVF_Daroshka_01/build/iphone/Classes/MediaModule.h
[DEBUG]  Writing /Users/school/Documents/School/AVF/Projects_AVF/AVF_Daroshka_01/build/iphone/Classes/MediaModule.m
[DEBUG]  Writing /Users/school/Documents/School/AVF/Projects_AVF/AVF_Daroshka_01/build/iphone/Classes/Mimetypes.h
[DEBUG]  Writing /Users/school/Documents/School/AVF/Projects_AVF/AVF_Daroshka_01/build/iphone/Classes/Mimetypes.m
[DEBUG]  Writing /Users/school/Documents/School/AVF/Projects_AVF/AVF_Daroshka_01/build/iphone/Classes/NSData+Additions.h
[DEBUG]  Writing /Users/school/Documents/School/AVF/Projects_AVF/AVF_Daroshka_01/build/iphone/Classes/NSData+Additions.m
[DEBUG]  Writing /Users/school/Documents/School/AVF/Projects_AVF/AVF_Daroshka_01/build/iphone/Classes/NetworkModule.h
[DEBUG]  Writing /Users/school/Documents/School/AVF/Projects_AVF/AVF_Daroshka_01/build/iphone/Classes/NetworkModule.m
[DEBUG]  Writing /Users/school/Documents/School/AVF/Projects_AVF/AVF_Daroshka_01/build/iphone/Classes/OperationQueue.h
[DEBUG]  Writing /Users/school/Documents/School/AVF/Projects_AVF/AVF_Daroshka_01/build/iphone/Classes/OperationQueue.m
[DEBUG]  Writing /Users/school/Documents/School/AVF/Projects_AVF/AVF_Daroshka_01/build/iphone/Classes/PlatformModule.h
[DEBUG]  Writing /Users/school/Documents/School/AVF/Projects_AVF/AVF_Daroshka_01/build/iphone/Classes/PlatformModule.m
[DEBUG]  Writing /Users/school/Documents/School/AVF/Projects_AVF/AVF_Daroshka_01/build/iphone/Classes/PlausibleDatabase/PLDatabase.h
[DEBUG]  Writing /Users/school/Documents/School/AVF/Projects_AVF/AVF_Daroshka_01/build/iphone/Classes/PlausibleDatabase/PLPreparedStatement.h
[DEBUG]  Writing /Users/school/Documents/School/AVF/Projects_AVF/AVF_Daroshka_01/build/iphone/Classes/PlausibleDatabase/PLResultSet.h
[DEBUG]  Writing /Users/school/Documents/School/AVF/Projects_AVF/AVF_Daroshka_01/build/iphone/Classes/PlausibleDatabase/PLSqliteDatabase.h
[DEBUG]  Writing /Users/school/Documents/School/AVF/Projects_AVF/AVF_Daroshka_01/build/iphone/Classes/PlausibleDatabase/PLSqliteDatabase.m
[DEBUG]  Writing /Users/school/Documents/School/AVF/Projects_AVF/AVF_Daroshka_01/build/iphone/Classes/PlausibleDatabase/PLSqlitePreparedStatement.h
[DEBUG]  Writing /Users/school/Documents/School/AVF/Projects_AVF/AVF_Daroshka_01/build/iphone/Classes/PlausibleDatabase/PLSqlitePreparedStatement.m
[DEBUG]  Writing /Users/school/Documents/School/AVF/Projects_AVF/AVF_Daroshka_01/build/iphone/Classes/PlausibleDatabase/PLSqliteResultSet.h
[DEBUG]  Writing /Users/school/Documents/School/AVF/Projects_AVF/AVF_Daroshka_01/build/iphone/Classes/PlausibleDatabase/PLSqliteResultSet.m
[DEBUG]  Writing /Users/school/Documents/School/AVF/Projects_AVF/AVF_Daroshka_01/build/iphone/Classes/PlausibleDatabase/PlausibleDatabase.h
[DEBUG]  Writing /Users/school/Documents/School/AVF/Projects_AVF/AVF_Daroshka_01/build/iphone/Classes/PlausibleDatabase/PlausibleDatabase.m
[DEBUG]  Writing /Users/school/Documents/School/AVF/Projects_AVF/AVF_Daroshka_01/build/iphone/Classes/Reachability.h
[DEBUG]  Writing /Users/school/Documents/School/AVF/Projects_AVF/AVF_Daroshka_01/build/iphone/Classes/Reachability.m
[DEBUG]  Writing /Users/school/Documents/School/AVF/Projects_AVF/AVF_Daroshka_01/build/iphone/Classes/SBJSON.h
[DEBUG]  Writing /Users/school/Documents/School/AVF/Projects_AVF/AVF_Daroshka_01/build/iphone/Classes/SBJSON.m
[DEBUG]  Writing /Users/school/Documents/School/AVF/Projects_AVF/AVF_Daroshka_01/build/iphone/Classes/SCListener.h
[DEBUG]  Writing /Users/school/Documents/School/AVF/Projects_AVF/AVF_Daroshka_01/build/iphone/Classes/SCListener.m
[DEBUG]  Writing /Users/school/Documents/School/AVF/Projects_AVF/AVF_Daroshka_01/build/iphone/Classes/StreamModule.h
[DEBUG]  Writing /Users/school/Documents/School/AVF/Projects_AVF/AVF_Daroshka_01/build/iphone/Classes/StreamModule.m
[DEBUG]  Writing /Users/school/Documents/School/AVF/Projects_AVF/AVF_Daroshka_01/build/iphone/Classes/TIDOMCharacterDataProxy.h
[DEBUG]  Writing /Users/school/Documents/School/AVF/Projects_AVF/AVF_Daroshka_01/build/iphone/Classes/TIDOMCharacterDataProxy.m
[DEBUG]  Writing /Users/school/Documents/School/AVF/Projects_AVF/AVF_Daroshka_01/build/iphone/Classes/TIDOMDOMImplementationProxy.h
[DEBUG]  Writing /Users/school/Documents/School/AVF/Projects_AVF/AVF_Daroshka_01/build/iphone/Classes/TIDOMDOMImplementationProxy.m
[DEBUG]  Writing /Users/school/Documents/School/AVF/Projects_AVF/AVF_Daroshka_01/build/iphone/Classes/TIDOMDocumentTypeProxy.h
[DEBUG]  Writing /Users/school/Documents/School/AVF/Projects_AVF/AVF_Daroshka_01/build/iphone/Classes/TIDOMDocumentTypeProxy.m
[DEBUG]  Writing /Users/school/Documents/School/AVF/Projects_AVF/AVF_Daroshka_01/build/iphone/Classes/ThirdpartyNS.h
[DEBUG]  Writing /Users/school/Documents/School/AVF/Projects_AVF/AVF_Daroshka_01/build/iphone/Classes/Ti2DMatrix.h
[DEBUG]  Writing /Users/school/Documents/School/AVF/Projects_AVF/AVF_Daroshka_01/build/iphone/Classes/Ti2DMatrix.m
[DEBUG]  Writing /Users/school/Documents/School/AVF/Projects_AVF/AVF_Daroshka_01/build/iphone/Classes/Ti3DMatrix.h
[DEBUG]  Writing /Users/school/Documents/School/AVF/Projects_AVF/AVF_Daroshka_01/build/iphone/Classes/Ti3DMatrix.m
[DEBUG]  Writing /Users/school/Documents/School/AVF/Projects_AVF/AVF_Daroshka_01/build/iphone/Classes/TiAction.h
[DEBUG]  Writing /Users/school/Documents/School/AVF/Projects_AVF/AVF_Daroshka_01/build/iphone/Classes/TiAction.m
[DEBUG]  Writing /Users/school/Documents/School/AVF/Projects_AVF/AVF_Daroshka_01/build/iphone/Classes/TiAnchorAttachBehavior.h
[DEBUG]  Writing /Users/school/Documents/School/AVF/Projects_AVF/AVF_Daroshka_01/build/iphone/Classes/TiAnchorAttachBehavior.m
[DEBUG]  Writing /Users/school/Documents/School/AVF/Projects_AVF/AVF_Daroshka_01/build/iphone/Classes/TiAnimation.h
[DEBUG]  Writing /Users/school/Documents/School/AVF/Projects_AVF/AVF_Daroshka_01/build/iphone/Classes/TiAnimation.m
[DEBUG]  Writing /Users/school/Documents/School/AVF/Projects_AVF/AVF_Daroshka_01/build/iphone/Classes/TiAnimatorProxy.h
[DEBUG]  Writing /Users/school/Documents/School/AVF/Projects_AVF/AVF_Daroshka_01/build/iphone/Classes/TiAnimatorProxy.m
[DEBUG]  Writing /Users/school/Documents/School/AVF/Projects_AVF/AVF_Daroshka_01/build/iphone/Classes/TiApp.h
[DEBUG]  Writing /Users/school/Documents/School/AVF/Projects_AVF/AVF_Daroshka_01/build/iphone/Classes/TiApp.m
[DEBUG]  Writing /Users/school/Documents/School/AVF/Projects_AVF/AVF_Daroshka_01/build/iphone/Classes/TiAppPropertiesProxy.h
[DEBUG]  Writing /Users/school/Documents/School/AVF/Projects_AVF/AVF_Daroshka_01/build/iphone/Classes/TiAppPropertiesProxy.m
[DEBUG]  Writing /Users/school/Documents/School/AVF/Projects_AVF/AVF_Daroshka_01/build/iphone/Classes/TiAppiOSBackgroundServiceProxy.h
[DEBUG]  Writing /Users/school/Documents/School/AVF/Projects_AVF/AVF_Daroshka_01/build/iphone/Classes/TiAppiOSBackgroundServiceProxy.m
[DEBUG]  Writing /Users/school/Documents/School/AVF/Projects_AVF/AVF_Daroshka_01/build/iphone/Classes/TiAppiOSLocalNotificationProxy.h
[DEBUG]  Writing /Users/school/Documents/School/AVF/Projects_AVF/AVF_Daroshka_01/build/iphone/Classes/TiAppiOSLocalNotificationProxy.m
[DEBUG]  Writing /Users/school/Documents/School/AVF/Projects_AVF/AVF_Daroshka_01/build/iphone/Classes/TiAppiOSNotificationActionProxy.h
[DEBUG]  Writing /Users/school/Documents/School/AVF/Projects_AVF/AVF_Daroshka_01/build/iphone/Classes/TiAppiOSNotificationActionProxy.m
[DEBUG]  Writing /Users/school/Documents/School/AVF/Projects_AVF/AVF_Daroshka_01/build/iphone/Classes/TiAppiOSNotificationCategoryProxy.h
[DEBUG]  Writing /Users/school/Documents/School/AVF/Projects_AVF/AVF_Daroshka_01/build/iphone/Classes/TiAppiOSNotificationCategoryProxy.m
[DEBUG]  Writing /Users/school/Documents/School/AVF/Projects_AVF/AVF_Daroshka_01/build/iphone/Classes/TiAppiOSProxy.h
[DEBUG]  Writing /Users/school/Documents/School/AVF/Projects_AVF/AVF_Daroshka_01/build/iphone/Classes/TiAppiOSProxy.m
[DEBUG]  Writing /Users/school/Documents/School/AVF/Projects_AVF/AVF_Daroshka_01/build/iphone/Classes/TiAppiOSSearchableIndexProxy.h
[DEBUG]  Writing /Users/school/Documents/School/AVF/Projects_AVF/AVF_Daroshka_01/build/iphone/Classes/TiAppiOSSearchableIndexProxy.m
[DEBUG]  Writing /Users/school/Documents/School/AVF/Projects_AVF/AVF_Daroshka_01/build/iphone/Classes/TiAppiOSSearchableItemAttributeSetProxy.h
[DEBUG]  Writing /Users/school/Documents/School/AVF/Projects_AVF/AVF_Daroshka_01/build/iphone/Classes/TiAppiOSSearchableItemAttributeSetProxy.m
[DEBUG]  Writing /Users/school/Documents/School/AVF/Projects_AVF/AVF_Daroshka_01/build/iphone/Classes/TiAppiOSSearchableItemProxy.h
[DEBUG]  Writing /Users/school/Documents/School/AVF/Projects_AVF/AVF_Daroshka_01/build/iphone/Classes/TiAppiOSSearchableItemProxy.m
[DEBUG]  Writing /Users/school/Documents/School/AVF/Projects_AVF/AVF_Daroshka_01/build/iphone/Classes/TiAppiOSUserActivityProxy.h
[DEBUG]  Writing /Users/school/Documents/School/AVF/Projects_AVF/AVF_Daroshka_01/build/iphone/Classes/TiAppiOSUserActivityProxy.m
[DEBUG]  Writing /Users/school/Documents/School/AVF/Projects_AVF/AVF_Daroshka_01/build/iphone/Classes/TiAppiOSUserDefaultsProxy.h
[DEBUG]  Writing /Users/school/Documents/School/AVF/Projects_AVF/AVF_Daroshka_01/build/iphone/Classes/TiAppiOSUserDefaultsProxy.m
[DEBUG]  Writing /Users/school/Documents/School/AVF/Projects_AVF/AVF_Daroshka_01/build/iphone/Classes/TiBase.h
[DEBUG]  Writing /Users/school/Documents/School/AVF/Projects_AVF/AVF_Daroshka_01/build/iphone/Classes/TiBase.m
[DEBUG]  Writing /Users/school/Documents/School/AVF/Projects_AVF/AVF_Daroshka_01/build/iphone/Classes/TiBindingEvent.h
[DEBUG]  Writing /Users/school/Documents/School/AVF/Projects_AVF/AVF_Daroshka_01/build/iphone/Classes/TiBindingEvent.m
[DEBUG]  Writing /Users/school/Documents/School/AVF/Projects_AVF/AVF_Daroshka_01/build/iphone/Classes/TiBindingRunLoop.h
[DEBUG]  Writing /Users/school/Documents/School/AVF/Projects_AVF/AVF_Daroshka_01/build/iphone/Classes/TiBindingRunLoop.m
[DEBUG]  Writing /Users/school/Documents/School/AVF/Projects_AVF/AVF_Daroshka_01/build/iphone/Classes/TiBindingTiValue.h
[DEBUG]  Writing /Users/school/Documents/School/AVF/Projects_AVF/AVF_Daroshka_01/build/iphone/Classes/TiBindingTiValue.m
[DEBUG]  Writing /Users/school/Documents/School/AVF/Projects_AVF/AVF_Daroshka_01/build/iphone/Classes/TiBlob.h
[DEBUG]  Writing /Users/school/Documents/School/AVF/Projects_AVF/AVF_Daroshka_01/build/iphone/Classes/TiBlob.m
[DEBUG]  Writing /Users/school/Documents/School/AVF/Projects_AVF/AVF_Daroshka_01/build/iphone/Classes/TiBuffer.h
[DEBUG]  Writing /Users/school/Documents/School/AVF/Projects_AVF/AVF_Daroshka_01/build/iphone/Classes/TiBuffer.m
[DEBUG]  Writing /Users/school/Documents/School/AVF/Projects_AVF/AVF_Daroshka_01/build/iphone/Classes/TiButtonUtil.h
[DEBUG]  Writing /Users/school/Documents/School/AVF/Projects_AVF/AVF_Daroshka_01/build/iphone/Classes/TiButtonUtil.m
[DEBUG]  Writing /Users/school/Documents/School/AVF/Projects_AVF/AVF_Daroshka_01/build/iphone/Classes/TiCalendarAlert.h
[DEBUG]  Writing /Users/school/Documents/School/AVF/Projects_AVF/AVF_Daroshka_01/build/iphone/Classes/TiCalendarAlert.m
[DEBUG]  Writing /Users/school/Documents/School/AVF/Projects_AVF/AVF_Daroshka_01/build/iphone/Classes/TiCalendarCalendar.h
[DEBUG]  Writing /Users/school/Documents/School/AVF/Projects_AVF/AVF_Daroshka_01/build/iphone/Classes/TiCalendarCalendar.m
[DEBUG]  Writing /Users/school/Documents/School/AVF/Projects_AVF/AVF_Daroshka_01/build/iphone/Classes/TiCalendarEvent.h
[DEBUG]  Writing /Users/school/Documents/School/AVF/Projects_AVF/AVF_Daroshka_01/build/iphone/Classes/TiCalendarEvent.m
[DEBUG]  Writing /Users/school/Documents/School/AVF/Projects_AVF/AVF_Daroshka_01/build/iphone/Classes/TiCalendarRecurrenceRule.h
[DEBUG]  Writing /Users/school/Documents/School/AVF/Projects_AVF/AVF_Daroshka_01/build/iphone/Classes/TiCalendarRecurrenceRule.m
[DEBUG]  Writing /Users/school/Documents/School/AVF/Projects_AVF/AVF_Daroshka_01/build/iphone/Classes/TiCalendarReminder.h
[DEBUG]  Writing /Users/school/Documents/School/AVF/Projects_AVF/AVF_Daroshka_01/build/iphone/Classes/TiCalendarReminder.m
[DEBUG]  Writing /Users/school/Documents/School/AVF/Projects_AVF/AVF_Daroshka_01/build/iphone/Classes/TiCollisionBehavior.h
[DEBUG]  Writing /Users/school/Documents/School/AVF/Projects_AVF/AVF_Daroshka_01/build/iphone/Classes/TiCollisionBehavior.m
[DEBUG]  Writing /Users/school/Documents/School/AVF/Projects_AVF/AVF_Daroshka_01/build/iphone/Classes/TiColor.h
[DEBUG]  Writing /Users/school/Documents/School/AVF/Projects_AVF/AVF_Daroshka_01/build/iphone/Classes/TiColor.m
[DEBUG]  Writing /Users/school/Documents/School/AVF/Projects_AVF/AVF_Daroshka_01/build/iphone/Classes/TiComplexValue.h
[DEBUG]  Writing /Users/school/Documents/School/AVF/Projects_AVF/AVF_Daroshka_01/build/iphone/Classes/TiComplexValue.m
[DEBUG]  Writing /Users/school/Documents/School/AVF/Projects_AVF/AVF_Daroshka_01/build/iphone/Classes/TiConsole.h
[DEBUG]  Writing /Users/school/Documents/School/AVF/Projects_AVF/AVF_Daroshka_01/build/iphone/Classes/TiConsole.m
[DEBUG]  Writing /Users/school/Documents/School/AVF/Projects_AVF/AVF_Daroshka_01/build/iphone/Classes/TiContactsGroup.h
[DEBUG]  Writing /Users/school/Documents/School/AVF/Projects_AVF/AVF_Daroshka_01/build/iphone/Classes/TiContactsGroup.m
[DEBUG]  Writing /Users/school/Documents/School/AVF/Projects_AVF/AVF_Daroshka_01/build/iphone/Classes/TiContactsPerson.h
[DEBUG]  Writing /Users/school/Documents/School/AVF/Projects_AVF/AVF_Daroshka_01/build/iphone/Classes/TiContactsPerson.m
[DEBUG]  Writing /Users/school/Documents/School/AVF/Projects_AVF/AVF_Daroshka_01/build/iphone/Classes/TiController.h
[DEBUG]  Writing /Users/school/Documents/School/AVF/Projects_AVF/AVF_Daroshka_01/build/iphone/Classes/TiControllerProtocols.h
[DEBUG]  Writing /Users/school/Documents/School/AVF/Projects_AVF/AVF_Daroshka_01/build/iphone/Classes/TiDOMAttrProxy.h
[DEBUG]  Writing /Users/school/Documents/School/AVF/Projects_AVF/AVF_Daroshka_01/build/iphone/Classes/TiDOMAttrProxy.m
[DEBUG]  Writing /Users/school/Documents/School/AVF/Projects_AVF/AVF_Daroshka_01/build/iphone/Classes/TiDOMCDATANodeProxy.h
[DEBUG]  Writing /Users/school/Documents/School/AVF/Projects_AVF/AVF_Daroshka_01/build/iphone/Classes/TiDOMCDATANodeProxy.m
[DEBUG]  Writing /Users/school/Documents/School/AVF/Projects_AVF/AVF_Daroshka_01/build/iphone/Classes/TiDOMCommentProxy.h
[DEBUG]  Writing /Users/school/Documents/School/AVF/Projects_AVF/AVF_Daroshka_01/build/iphone/Classes/TiDOMCommentProxy.m
[DEBUG]  Writing /Users/school/Documents/School/AVF/Projects_AVF/AVF_Daroshka_01/build/iphone/Classes/TiDOMDocFragProxy.h
[DEBUG]  Writing /Users/school/Documents/School/AVF/Projects_AVF/AVF_Daroshka_01/build/iphone/Classes/TiDOMDocFragProxy.m
[DEBUG]  Writing /Users/school/Documents/School/AVF/Projects_AVF/AVF_Daroshka_01/build/iphone/Classes/TiDOMDocumentProxy.h
[DEBUG]  Writing /Users/school/Documents/School/AVF/Projects_AVF/AVF_Daroshka_01/build/iphone/Classes/TiDOMDocumentProxy.m
[DEBUG]  Writing /Users/school/Documents/School/AVF/Projects_AVF/AVF_Daroshka_01/build/iphone/Classes/TiDOMElementProxy.h
[DEBUG]  Writing /Users/school/Documents/School/AVF/Projects_AVF/AVF_Daroshka_01/build/iphone/Classes/TiDOMElementProxy.m
[DEBUG]  Writing /Users/school/Documents/School/AVF/Projects_AVF/AVF_Daroshka_01/build/iphone/Classes/TiDOMEntityProxy.h
[DEBUG]  Writing /Users/school/Documents/School/AVF/Projects_AVF/AVF_Daroshka_01/build/iphone/Classes/TiDOMEntityProxy.m
[DEBUG]  Writing /Users/school/Documents/School/AVF/Projects_AVF/AVF_Daroshka_01/build/iphone/Classes/TiDOMEntityRefProxy.h
[DEBUG]  Writing /Users/school/Documents/School/AVF/Projects_AVF/AVF_Daroshka_01/build/iphone/Classes/TiDOMEntityRefProxy.m
[DEBUG]  Writing /Users/school/Documents/School/AVF/Projects_AVF/AVF_Daroshka_01/build/iphone/Classes/TiDOMNamedNodeMapProxy.h
[DEBUG]  Writing /Users/school/Documents/School/AVF/Projects_AVF/AVF_Daroshka_01/build/iphone/Classes/TiDOMNamedNodeMapProxy.m
[DEBUG]  Writing /Users/school/Documents/School/AVF/Projects_AVF/AVF_Daroshka_01/build/iphone/Classes/TiDOMNodeListProxy.h
[DEBUG]  Writing /Users/school/Documents/School/AVF/Projects_AVF/AVF_Daroshka_01/build/iphone/Classes/TiDOMNodeListProxy.m
[DEBUG]  Writing /Users/school/Documents/School/AVF/Projects_AVF/AVF_Daroshka_01/build/iphone/Classes/TiDOMNodeProxy.h
[DEBUG]  Writing /Users/school/Documents/School/AVF/Projects_AVF/AVF_Daroshka_01/build/iphone/Classes/TiDOMNodeProxy.m
[DEBUG]  Writing /Users/school/Documents/School/AVF/Projects_AVF/AVF_Daroshka_01/build/iphone/Classes/TiDOMNotationProxy.h
[DEBUG]  Writing /Users/school/Documents/School/AVF/Projects_AVF/AVF_Daroshka_01/build/iphone/Classes/TiDOMNotationProxy.m
[DEBUG]  Writing /Users/school/Documents/School/AVF/Projects_AVF/AVF_Daroshka_01/build/iphone/Classes/TiDOMPIProxy.h
[DEBUG]  Writing /Users/school/Documents/School/AVF/Projects_AVF/AVF_Daroshka_01/build/iphone/Classes/TiDOMPIProxy.m
[DEBUG]  Writing /Users/school/Documents/School/AVF/Projects_AVF/AVF_Daroshka_01/build/iphone/Classes/TiDOMTextNodeProxy.h
[DEBUG]  Writing /Users/school/Documents/School/AVF/Projects_AVF/AVF_Daroshka_01/build/iphone/Classes/TiDOMTextNodeProxy.m
[DEBUG]  Writing /Users/school/Documents/School/AVF/Projects_AVF/AVF_Daroshka_01/build/iphone/Classes/TiDOMValidator.h
[DEBUG]  Writing /Users/school/Documents/School/AVF/Projects_AVF/AVF_Daroshka_01/build/iphone/Classes/TiDOMValidator.m
[DEBUG]  Writing /Users/school/Documents/School/AVF/Projects_AVF/AVF_Daroshka_01/build/iphone/Classes/TiDataStream.h
[DEBUG]  Writing /Users/school/Documents/School/AVF/Projects_AVF/AVF_Daroshka_01/build/iphone/Classes/TiDataStream.m
[DEBUG]  Writing /Users/school/Documents/School/AVF/Projects_AVF/AVF_Daroshka_01/build/iphone/Classes/TiDatabaseProxy.h
[DEBUG]  Writing /Users/school/Documents/School/AVF/Projects_AVF/AVF_Daroshka_01/build/iphone/Classes/TiDatabaseProxy.m
[DEBUG]  Writing /Users/school/Documents/School/AVF/Projects_AVF/AVF_Daroshka_01/build/iphone/Classes/TiDatabaseResultSetProxy.h
[DEBUG]  Writing /Users/school/Documents/School/AVF/Projects_AVF/AVF_Daroshka_01/build/iphone/Classes/TiDatabaseResultSetProxy.m
[DEBUG]  Writing /Users/school/Documents/School/AVF/Projects_AVF/AVF_Daroshka_01/build/iphone/Classes/TiDebugger.h
[DEBUG]  Writing /Users/school/Documents/School/AVF/Projects_AVF/AVF_Daroshka_01/build/iphone/Classes/TiDimension.h
[DEBUG]  Writing /Users/school/Documents/School/AVF/Projects_AVF/AVF_Daroshka_01/build/iphone/Classes/TiDimension.m
[DEBUG]  Writing /Users/school/Documents/School/AVF/Projects_AVF/AVF_Daroshka_01/build/iphone/Classes/TiDynamicItemBehavior.h
[DEBUG]  Writing /Users/school/Documents/School/AVF/Projects_AVF/AVF_Daroshka_01/build/iphone/Classes/TiDynamicItemBehavior.m
[DEBUG]  Writing /Users/school/Documents/School/AVF/Projects_AVF/AVF_Daroshka_01/build/iphone/Classes/TiErrorController.h
[DEBUG]  Writing /Users/school/Documents/School/AVF/Projects_AVF/AVF_Daroshka_01/build/iphone/Classes/TiErrorController.m
[DEBUG]  Writing /Users/school/Documents/School/AVF/Projects_AVF/AVF_Daroshka_01/build/iphone/Classes/TiEvaluator.h
[DEBUG]  Writing /Users/school/Documents/School/AVF/Projects_AVF/AVF_Daroshka_01/build/iphone/Classes/TiExceptionHandler.h
[DEBUG]  Writing /Users/school/Documents/School/AVF/Projects_AVF/AVF_Daroshka_01/build/iphone/Classes/TiExceptionHandler.m
[DEBUG]  Writing /Users/school/Documents/School/AVF/Projects_AVF/AVF_Daroshka_01/build/iphone/Classes/TiFile.h
[DEBUG]  Writing /Users/school/Documents/School/AVF/Projects_AVF/AVF_Daroshka_01/build/iphone/Classes/TiFile.m
[DEBUG]  Writing /Users/school/Documents/School/AVF/Projects_AVF/AVF_Daroshka_01/build/iphone/Classes/TiFilesystemBlobProxy.h
[DEBUG]  Writing /Users/school/Documents/School/AVF/Projects_AVF/AVF_Daroshka_01/build/iphone/Classes/TiFilesystemBlobProxy.m
[DEBUG]  Writing /Users/school/Documents/School/AVF/Projects_AVF/AVF_Daroshka_01/build/iphone/Classes/TiFilesystemFileProxy.h
[DEBUG]  Writing /Users/school/Documents/School/AVF/Projects_AVF/AVF_Daroshka_01/build/iphone/Classes/TiFilesystemFileProxy.m
[DEBUG]  Writing /Users/school/Documents/School/AVF/Projects_AVF/AVF_Daroshka_01/build/iphone/Classes/TiFilesystemFileStreamProxy.h
[DEBUG]  Writing /Users/school/Documents/School/AVF/Projects_AVF/AVF_Daroshka_01/build/iphone/Classes/TiFilesystemFileStreamProxy.m
[DEBUG]  Writing /Users/school/Documents/School/AVF/Projects_AVF/AVF_Daroshka_01/build/iphone/Classes/TiGradient.h
[DEBUG]  Writing /Users/school/Documents/School/AVF/Projects_AVF/AVF_Daroshka_01/build/iphone/Classes/TiGradient.m
[DEBUG]  Writing /Users/school/Documents/School/AVF/Projects_AVF/AVF_Daroshka_01/build/iphone/Classes/TiGravityBehavior.h
[DEBUG]  Writing /Users/school/Documents/School/AVF/Projects_AVF/AVF_Daroshka_01/build/iphone/Classes/TiGravityBehavior.m
[DEBUG]  Writing /Users/school/Documents/School/AVF/Projects_AVF/AVF_Daroshka_01/build/iphone/Classes/TiHost.h
[DEBUG]  Writing /Users/school/Documents/School/AVF/Projects_AVF/AVF_Daroshka_01/build/iphone/Classes/TiHost.m
[DEBUG]  Writing /Users/school/Documents/School/AVF/Projects_AVF/AVF_Daroshka_01/build/iphone/Classes/TiLayoutQueue.h
[DEBUG]  Writing /Users/school/Documents/School/AVF/Projects_AVF/AVF_Daroshka_01/build/iphone/Classes/TiLayoutQueue.m
[DEBUG]  Writing /Users/school/Documents/School/AVF/Projects_AVF/AVF_Daroshka_01/build/iphone/Classes/TiLocale.h
[DEBUG]  Writing /Users/school/Documents/School/AVF/Projects_AVF/AVF_Daroshka_01/build/iphone/Classes/TiLocale.m
[DEBUG]  Writing /Users/school/Documents/School/AVF/Projects_AVF/AVF_Daroshka_01/build/iphone/Classes/TiMediaAudioPlayerProxy.h
[DEBUG]  Writing /Users/school/Documents/School/AVF/Projects_AVF/AVF_Daroshka_01/build/iphone/Classes/TiMediaAudioPlayerProxy.m
[DEBUG]  Writing /Users/school/Documents/School/AVF/Projects_AVF/AVF_Daroshka_01/build/iphone/Classes/TiMediaAudioRecorderProxy.h
[DEBUG]  Writing /Users/school/Documents/School/AVF/Projects_AVF/AVF_Daroshka_01/build/iphone/Classes/TiMediaAudioRecorderProxy.mm
[DEBUG]  Writing /Users/school/Documents/School/AVF/Projects_AVF/AVF_Daroshka_01/build/iphone/Classes/TiMediaAudioSession.h
[DEBUG]  Writing /Users/school/Documents/School/AVF/Projects_AVF/AVF_Daroshka_01/build/iphone/Classes/TiMediaAudioSession.m
[DEBUG]  Writing /Users/school/Documents/School/AVF/Projects_AVF/AVF_Daroshka_01/build/iphone/Classes/TiMediaItem.h
[DEBUG]  Writing /Users/school/Documents/School/AVF/Projects_AVF/AVF_Daroshka_01/build/iphone/Classes/TiMediaItem.m
[DEBUG]  Writing /Users/school/Documents/School/AVF/Projects_AVF/AVF_Daroshka_01/build/iphone/Classes/TiMediaMusicPlayer.h
[DEBUG]  Writing /Users/school/Documents/School/AVF/Projects_AVF/AVF_Daroshka_01/build/iphone/Classes/TiMediaMusicPlayer.m
[DEBUG]  Writing /Users/school/Documents/School/AVF/Projects_AVF/AVF_Daroshka_01/build/iphone/Classes/TiMediaSoundProxy.h
[DEBUG]  Writing /Users/school/Documents/School/AVF/Projects_AVF/AVF_Daroshka_01/build/iphone/Classes/TiMediaSoundProxy.m
[DEBUG]  Writing /Users/school/Documents/School/AVF/Projects_AVF/AVF_Daroshka_01/build/iphone/Classes/TiMediaVideoPlayer.h
[DEBUG]  Writing /Users/school/Documents/School/AVF/Projects_AVF/AVF_Daroshka_01/build/iphone/Classes/TiMediaVideoPlayer.m
[DEBUG]  Writing /Users/school/Documents/School/AVF/Projects_AVF/AVF_Daroshka_01/build/iphone/Classes/TiMediaVideoPlayerProxy.h
[DEBUG]  Writing /Users/school/Documents/School/AVF/Projects_AVF/AVF_Daroshka_01/build/iphone/Classes/TiMediaVideoPlayerProxy.m
[DEBUG]  Writing /Users/school/Documents/School/AVF/Projects_AVF/AVF_Daroshka_01/build/iphone/Classes/TiModule.h
[DEBUG]  Writing /Users/school/Documents/School/AVF/Projects_AVF/AVF_Daroshka_01/build/iphone/Classes/TiModule.m
[DEBUG]  Writing /Users/school/Documents/School/AVF/Projects_AVF/AVF_Daroshka_01/build/iphone/Classes/TiNetworkBonjourBrowserProxy.h
[DEBUG]  Writing /Users/school/Documents/School/AVF/Projects_AVF/AVF_Daroshka_01/build/iphone/Classes/TiNetworkBonjourBrowserProxy.m
[DEBUG]  Writing /Users/school/Documents/School/AVF/Projects_AVF/AVF_Daroshka_01/build/iphone/Classes/TiNetworkBonjourServiceProxy.h
[DEBUG]  Writing /Users/school/Documents/School/AVF/Projects_AVF/AVF_Daroshka_01/build/iphone/Classes/TiNetworkBonjourServiceProxy.m
[DEBUG]  Writing /Users/school/Documents/School/AVF/Projects_AVF/AVF_Daroshka_01/build/iphone/Classes/TiNetworkCookieProxy.h
[DEBUG]  Writing /Users/school/Documents/School/AVF/Projects_AVF/AVF_Daroshka_01/build/iphone/Classes/TiNetworkCookieProxy.m
[DEBUG]  Writing /Users/school/Documents/School/AVF/Projects_AVF/AVF_Daroshka_01/build/iphone/Classes/TiNetworkHTTPClientProxy.h
[DEBUG]  Writing /Users/school/Documents/School/AVF/Projects_AVF/AVF_Daroshka_01/build/iphone/Classes/TiNetworkHTTPClientProxy.m
[DEBUG]  Writing /Users/school/Documents/School/AVF/Projects_AVF/AVF_Daroshka_01/build/iphone/Classes/TiNetworkSocketProxy.h
[DEBUG]  Writing /Users/school/Documents/School/AVF/Projects_AVF/AVF_Daroshka_01/build/iphone/Classes/TiNetworkSocketProxy.m
[DEBUG]  Writing /Users/school/Documents/School/AVF/Projects_AVF/AVF_Daroshka_01/build/iphone/Classes/TiNetworkSocketTCPProxy.h
[DEBUG]  Writing /Users/school/Documents/School/AVF/Projects_AVF/AVF_Daroshka_01/build/iphone/Classes/TiNetworkSocketTCPProxy.m
[DEBUG]  Writing /Users/school/Documents/School/AVF/Projects_AVF/AVF_Daroshka_01/build/iphone/Classes/TiNetworkTCPSocketProxy.h
[DEBUG]  Writing /Users/school/Documents/School/AVF/Projects_AVF/AVF_Daroshka_01/build/iphone/Classes/TiNetworkTCPSocketProxy.m
[DEBUG]  Writing /Users/school/Documents/School/AVF/Projects_AVF/AVF_Daroshka_01/build/iphone/Classes/TiPlatformDisplayCaps.h
[DEBUG]  Writing /Users/school/Documents/School/AVF/Projects_AVF/AVF_Daroshka_01/build/iphone/Classes/TiPlatformDisplayCaps.m
[DEBUG]  Writing /Users/school/Documents/School/AVF/Projects_AVF/AVF_Daroshka_01/build/iphone/Classes/TiPoint.h
[DEBUG]  Writing /Users/school/Documents/School/AVF/Projects_AVF/AVF_Daroshka_01/build/iphone/Classes/TiPoint.m
[DEBUG]  Writing /Users/school/Documents/School/AVF/Projects_AVF/AVF_Daroshka_01/build/iphone/Classes/TiProfiler/TiProfiler.h
[DEBUG]  Writing /Users/school/Documents/School/AVF/Projects_AVF/AVF_Daroshka_01/build/iphone/Classes/TiProxy.h
[DEBUG]  Writing /Users/school/Documents/School/AVF/Projects_AVF/AVF_Daroshka_01/build/iphone/Classes/TiProxy.m
[DEBUG]  Writing /Users/school/Documents/School/AVF/Projects_AVF/AVF_Daroshka_01/build/iphone/Classes/TiPublicAPI.h
[DEBUG]  Writing /Users/school/Documents/School/AVF/Projects_AVF/AVF_Daroshka_01/build/iphone/Classes/TiPublicAPI.m
[DEBUG]  Writing /Users/school/Documents/School/AVF/Projects_AVF/AVF_Daroshka_01/build/iphone/Classes/TiPushBehavior.h
[DEBUG]  Writing /Users/school/Documents/School/AVF/Projects_AVF/AVF_Daroshka_01/build/iphone/Classes/TiPushBehavior.m
[DEBUG]  Writing /Users/school/Documents/School/AVF/Projects_AVF/AVF_Daroshka_01/build/iphone/Classes/TiRect.h
[DEBUG]  Writing /Users/school/Documents/School/AVF/Projects_AVF/AVF_Daroshka_01/build/iphone/Classes/TiRect.m
[DEBUG]  Writing /Users/school/Documents/School/AVF/Projects_AVF/AVF_Daroshka_01/build/iphone/Classes/TiRootViewController.h
[DEBUG]  Writing /Users/school/Documents/School/AVF/Projects_AVF/AVF_Daroshka_01/build/iphone/Classes/TiRootViewController.m
[DEBUG]  Writing /Users/school/Documents/School/AVF/Projects_AVF/AVF_Daroshka_01/build/iphone/Classes/TiSelectedCellbackgroundView.h
[DEBUG]  Writing /Users/school/Documents/School/AVF/Projects_AVF/AVF_Daroshka_01/build/iphone/Classes/TiSelectedCellbackgroundView.m
[DEBUG]  Writing /Users/school/Documents/School/AVF/Projects_AVF/AVF_Daroshka_01/build/iphone/Classes/TiSnapBehavior.h
[DEBUG]  Writing /Users/school/Documents/School/AVF/Projects_AVF/AVF_Daroshka_01/build/iphone/Classes/TiSnapBehavior.m
[DEBUG]  Writing /Users/school/Documents/School/AVF/Projects_AVF/AVF_Daroshka_01/build/iphone/Classes/TiStreamProxy.h
[DEBUG]  Writing /Users/school/Documents/School/AVF/Projects_AVF/AVF_Daroshka_01/build/iphone/Classes/TiStreamProxy.m
[DEBUG]  Writing /Users/school/Documents/School/AVF/Projects_AVF/AVF_Daroshka_01/build/iphone/Classes/TiStylesheet.h
[DEBUG]  Writing /Users/school/Documents/School/AVF/Projects_AVF/AVF_Daroshka_01/build/iphone/Classes/TiStylesheet.m
[DEBUG]  Writing /Users/school/Documents/School/AVF/Projects_AVF/AVF_Daroshka_01/build/iphone/Classes/TiTab.h
[DEBUG]  Writing /Users/school/Documents/School/AVF/Projects_AVF/AVF_Daroshka_01/build/iphone/Classes/TiTabGroup.h
[DEBUG]  Writing /Users/school/Documents/School/AVF/Projects_AVF/AVF_Daroshka_01/build/iphone/Classes/TiThreading.h
[DEBUG]  Writing /Users/school/Documents/School/AVF/Projects_AVF/AVF_Daroshka_01/build/iphone/Classes/TiThreading.m
[DEBUG]  Writing /Users/school/Documents/School/AVF/Projects_AVF/AVF_Daroshka_01/build/iphone/Classes/TiToJS.h
[DEBUG]  Writing /Users/school/Documents/School/AVF/Projects_AVF/AVF_Daroshka_01/build/iphone/Classes/TiToolbar.h
[DEBUG]  Writing /Users/school/Documents/School/AVF/Projects_AVF/AVF_Daroshka_01/build/iphone/Classes/TiToolbarButton.h
[DEBUG]  Writing /Users/school/Documents/School/AVF/Projects_AVF/AVF_Daroshka_01/build/iphone/Classes/TiUIActivityIndicator.h
[DEBUG]  Writing /Users/school/Documents/School/AVF/Projects_AVF/AVF_Daroshka_01/build/iphone/Classes/TiUIActivityIndicator.m
[DEBUG]  Writing /Users/school/Documents/School/AVF/Projects_AVF/AVF_Daroshka_01/build/iphone/Classes/TiUIActivityIndicatorProxy.h
[DEBUG]  Writing /Users/school/Documents/School/AVF/Projects_AVF/AVF_Daroshka_01/build/iphone/Classes/TiUIActivityIndicatorProxy.m
[DEBUG]  Writing /Users/school/Documents/School/AVF/Projects_AVF/AVF_Daroshka_01/build/iphone/Classes/TiUIAlertDialogProxy.h
[DEBUG]  Writing /Users/school/Documents/School/AVF/Projects_AVF/AVF_Daroshka_01/build/iphone/Classes/TiUIAlertDialogProxy.m
[DEBUG]  Writing /Users/school/Documents/School/AVF/Projects_AVF/AVF_Daroshka_01/build/iphone/Classes/TiUIAttributedStringProxy.h
[DEBUG]  Writing /Users/school/Documents/School/AVF/Projects_AVF/AVF_Daroshka_01/build/iphone/Classes/TiUIAttributedStringProxy.m
[DEBUG]  Writing /Users/school/Documents/School/AVF/Projects_AVF/AVF_Daroshka_01/build/iphone/Classes/TiUIButton.h
[DEBUG]  Writing /Users/school/Documents/School/AVF/Projects_AVF/AVF_Daroshka_01/build/iphone/Classes/TiUIButton.m
[DEBUG]  Writing /Users/school/Documents/School/AVF/Projects_AVF/AVF_Daroshka_01/build/iphone/Classes/TiUIButtonBar.h
[DEBUG]  Writing /Users/school/Documents/School/AVF/Projects_AVF/AVF_Daroshka_01/build/iphone/Classes/TiUIButtonBar.m
[DEBUG]  Writing /Users/school/Documents/School/AVF/Projects_AVF/AVF_Daroshka_01/build/iphone/Classes/TiUIButtonBarProxy.h
[DEBUG]  Writing /Users/school/Documents/School/AVF/Projects_AVF/AVF_Daroshka_01/build/iphone/Classes/TiUIButtonBarProxy.m
[DEBUG]  Writing /Users/school/Documents/School/AVF/Projects_AVF/AVF_Daroshka_01/build/iphone/Classes/TiUIButtonProxy.h
[DEBUG]  Writing /Users/school/Documents/School/AVF/Projects_AVF/AVF_Daroshka_01/build/iphone/Classes/TiUIButtonProxy.m
[DEBUG]  Writing /Users/school/Documents/School/AVF/Projects_AVF/AVF_Daroshka_01/build/iphone/Classes/TiUICanvasView.h
[DEBUG]  Writing /Users/school/Documents/School/AVF/Projects_AVF/AVF_Daroshka_01/build/iphone/Classes/TiUICanvasView.m
[DEBUG]  Writing /Users/school/Documents/School/AVF/Projects_AVF/AVF_Daroshka_01/build/iphone/Classes/TiUICanvasViewProxy.h
[DEBUG]  Writing /Users/school/Documents/School/AVF/Projects_AVF/AVF_Daroshka_01/build/iphone/Classes/TiUICanvasViewProxy.m
[DEBUG]  Writing /Users/school/Documents/School/AVF/Projects_AVF/AVF_Daroshka_01/build/iphone/Classes/TiUIClipboardProxy.h
[DEBUG]  Writing /Users/school/Documents/School/AVF/Projects_AVF/AVF_Daroshka_01/build/iphone/Classes/TiUIClipboardProxy.m
[DEBUG]  Writing /Users/school/Documents/School/AVF/Projects_AVF/AVF_Daroshka_01/build/iphone/Classes/TiUIDashboardItem.h
[DEBUG]  Writing /Users/school/Documents/School/AVF/Projects_AVF/AVF_Daroshka_01/build/iphone/Classes/TiUIDashboardItem.m
[DEBUG]  Writing /Users/school/Documents/School/AVF/Projects_AVF/AVF_Daroshka_01/build/iphone/Classes/TiUIDashboardItemProxy.h
[DEBUG]  Writing /Users/school/Documents/School/AVF/Projects_AVF/AVF_Daroshka_01/build/iphone/Classes/TiUIDashboardItemProxy.m
[DEBUG]  Writing /Users/school/Documents/School/AVF/Projects_AVF/AVF_Daroshka_01/build/iphone/Classes/TiUIDashboardView.h
[DEBUG]  Writing /Users/school/Documents/School/AVF/Projects_AVF/AVF_Daroshka_01/build/iphone/Classes/TiUIDashboardView.m
[DEBUG]  Writing /Users/school/Documents/School/AVF/Projects_AVF/AVF_Daroshka_01/build/iphone/Classes/TiUIDashboardViewProxy.h
[DEBUG]  Writing /Users/school/Documents/School/AVF/Projects_AVF/AVF_Daroshka_01/build/iphone/Classes/TiUIDashboardViewProxy.m
[DEBUG]  Writing /Users/school/Documents/School/AVF/Projects_AVF/AVF_Daroshka_01/build/iphone/Classes/TiUIEmailDialogProxy.h
[DEBUG]  Writing /Users/school/Documents/School/AVF/Projects_AVF/AVF_Daroshka_01/build/iphone/Classes/TiUIEmailDialogProxy.m
[DEBUG]  Writing /Users/school/Documents/School/AVF/Projects_AVF/AVF_Daroshka_01/build/iphone/Classes/TiUIImageView.h
[DEBUG]  Writing /Users/school/Documents/School/AVF/Projects_AVF/AVF_Daroshka_01/build/iphone/Classes/TiUIImageView.m
[DEBUG]  Writing /Users/school/Documents/School/AVF/Projects_AVF/AVF_Daroshka_01/build/iphone/Classes/TiUIImageViewProxy.h
[DEBUG]  Writing /Users/school/Documents/School/AVF/Projects_AVF/AVF_Daroshka_01/build/iphone/Classes/TiUIImageViewProxy.m
[DEBUG]  Writing /Users/school/Documents/School/AVF/Projects_AVF/AVF_Daroshka_01/build/iphone/Classes/TiUILabel.h
[DEBUG]  Writing /Users/school/Documents/School/AVF/Projects_AVF/AVF_Daroshka_01/build/iphone/Classes/TiUILabel.m
[DEBUG]  Writing /Users/school/Documents/School/AVF/Projects_AVF/AVF_Daroshka_01/build/iphone/Classes/TiUILabelProxy.h
[DEBUG]  Writing /Users/school/Documents/School/AVF/Projects_AVF/AVF_Daroshka_01/build/iphone/Classes/TiUILabelProxy.m
[DEBUG]  Writing /Users/school/Documents/School/AVF/Projects_AVF/AVF_Daroshka_01/build/iphone/Classes/TiUIListItem.h
[DEBUG]  Writing /Users/school/Documents/School/AVF/Projects_AVF/AVF_Daroshka_01/build/iphone/Classes/TiUIListItem.m
[DEBUG]  Writing /Users/school/Documents/School/AVF/Projects_AVF/AVF_Daroshka_01/build/iphone/Classes/TiUIListItemProxy.h
[DEBUG]  Writing /Users/school/Documents/School/AVF/Projects_AVF/AVF_Daroshka_01/build/iphone/Classes/TiUIListItemProxy.m
[DEBUG]  Writing /Users/school/Documents/School/AVF/Projects_AVF/AVF_Daroshka_01/build/iphone/Classes/TiUIListSectionProxy.h
[DEBUG]  Writing /Users/school/Documents/School/AVF/Projects_AVF/AVF_Daroshka_01/build/iphone/Classes/TiUIListSectionProxy.m
[DEBUG]  Writing /Users/school/Documents/School/AVF/Projects_AVF/AVF_Daroshka_01/build/iphone/Classes/TiUIListView.h
[DEBUG]  Writing /Users/school/Documents/School/AVF/Projects_AVF/AVF_Daroshka_01/build/iphone/Classes/TiUIListView.m
[DEBUG]  Writing /Users/school/Documents/School/AVF/Projects_AVF/AVF_Daroshka_01/build/iphone/Classes/TiUIListViewProxy.h
[DEBUG]  Writing /Users/school/Documents/School/AVF/Projects_AVF/AVF_Daroshka_01/build/iphone/Classes/TiUIListViewProxy.m
[DEBUG]  Writing /Users/school/Documents/School/AVF/Projects_AVF/AVF_Daroshka_01/build/iphone/Classes/TiUIMaskedImage.h
[DEBUG]  Writing /Users/school/Documents/School/AVF/Projects_AVF/AVF_Daroshka_01/build/iphone/Classes/TiUIMaskedImage.m
[DEBUG]  Writing /Users/school/Documents/School/AVF/Projects_AVF/AVF_Daroshka_01/build/iphone/Classes/TiUIMaskedImageProxy.h
[DEBUG]  Writing /Users/school/Documents/School/AVF/Projects_AVF/AVF_Daroshka_01/build/iphone/Classes/TiUIMaskedImageProxy.m
[DEBUG]  Writing /Users/school/Documents/School/AVF/Projects_AVF/AVF_Daroshka_01/build/iphone/Classes/TiUINavBarButton.h
[DEBUG]  Writing /Users/school/Documents/School/AVF/Projects_AVF/AVF_Daroshka_01/build/iphone/Classes/TiUINavBarButton.m
[DEBUG]  Writing /Users/school/Documents/School/AVF/Projects_AVF/AVF_Daroshka_01/build/iphone/Classes/TiUIOptionDialogProxy.h
[DEBUG]  Writing /Users/school/Documents/School/AVF/Projects_AVF/AVF_Daroshka_01/build/iphone/Classes/TiUIOptionDialogProxy.m
[DEBUG]  Writing /Users/school/Documents/School/AVF/Projects_AVF/AVF_Daroshka_01/build/iphone/Classes/TiUIPicker.h
[DEBUG]  Writing /Users/school/Documents/School/AVF/Projects_AVF/AVF_Daroshka_01/build/iphone/Classes/TiUIPicker.m
[DEBUG]  Writing /Users/school/Documents/School/AVF/Projects_AVF/AVF_Daroshka_01/build/iphone/Classes/TiUIPickerColumnProxy.h
[DEBUG]  Writing /Users/school/Documents/School/AVF/Projects_AVF/AVF_Daroshka_01/build/iphone/Classes/TiUIPickerColumnProxy.m
[DEBUG]  Writing /Users/school/Documents/School/AVF/Projects_AVF/AVF_Daroshka_01/build/iphone/Classes/TiUIPickerProxy.h
[DEBUG]  Writing /Users/school/Documents/School/AVF/Projects_AVF/AVF_Daroshka_01/build/iphone/Classes/TiUIPickerProxy.m
[DEBUG]  Writing /Users/school/Documents/School/AVF/Projects_AVF/AVF_Daroshka_01/build/iphone/Classes/TiUIPickerRowProxy.h
[DEBUG]  Writing /Users/school/Documents/School/AVF/Projects_AVF/AVF_Daroshka_01/build/iphone/Classes/TiUIPickerRowProxy.m
[DEBUG]  Writing /Users/school/Documents/School/AVF/Projects_AVF/AVF_Daroshka_01/build/iphone/Classes/TiUIProgressBar.h
[DEBUG]  Writing /Users/school/Documents/School/AVF/Projects_AVF/AVF_Daroshka_01/build/iphone/Classes/TiUIProgressBar.m
[DEBUG]  Writing /Users/school/Documents/School/AVF/Projects_AVF/AVF_Daroshka_01/build/iphone/Classes/TiUIProgressBarProxy.h
[DEBUG]  Writing /Users/school/Documents/School/AVF/Projects_AVF/AVF_Daroshka_01/build/iphone/Classes/TiUIProgressBarProxy.m
[DEBUG]  Writing /Users/school/Documents/School/AVF/Projects_AVF/AVF_Daroshka_01/build/iphone/Classes/TiUIRefreshControlProxy.h
[DEBUG]  Writing /Users/school/Documents/School/AVF/Projects_AVF/AVF_Daroshka_01/build/iphone/Classes/TiUIRefreshControlProxy.m
[DEBUG]  Writing /Users/school/Documents/School/AVF/Projects_AVF/AVF_Daroshka_01/build/iphone/Classes/TiUIScrollView.h
[DEBUG]  Writing /Users/school/Documents/School/AVF/Projects_AVF/AVF_Daroshka_01/build/iphone/Classes/TiUIScrollView.m
[DEBUG]  Writing /Users/school/Documents/School/AVF/Projects_AVF/AVF_Daroshka_01/build/iphone/Classes/TiUIScrollViewProxy.h
[DEBUG]  Writing /Users/school/Documents/School/AVF/Projects_AVF/AVF_Daroshka_01/build/iphone/Classes/TiUIScrollViewProxy.m
[DEBUG]  Writing /Users/school/Documents/School/AVF/Projects_AVF/AVF_Daroshka_01/build/iphone/Classes/TiUIScrollableView.h
[DEBUG]  Writing /Users/school/Documents/School/AVF/Projects_AVF/AVF_Daroshka_01/build/iphone/Classes/TiUIScrollableView.m
[DEBUG]  Writing /Users/school/Documents/School/AVF/Projects_AVF/AVF_Daroshka_01/build/iphone/Classes/TiUIScrollableViewProxy.h
[DEBUG]  Writing /Users/school/Documents/School/AVF/Projects_AVF/AVF_Daroshka_01/build/iphone/Classes/TiUIScrollableViewProxy.m
[DEBUG]  Writing /Users/school/Documents/School/AVF/Projects_AVF/AVF_Daroshka_01/build/iphone/Classes/TiUISearchBar.h
[DEBUG]  Writing /Users/school/Documents/School/AVF/Projects_AVF/AVF_Daroshka_01/build/iphone/Classes/TiUISearchBar.m
[DEBUG]  Writing /Users/school/Documents/School/AVF/Projects_AVF/AVF_Daroshka_01/build/iphone/Classes/TiUISearchBarProxy.h
[DEBUG]  Writing /Users/school/Documents/School/AVF/Projects_AVF/AVF_Daroshka_01/build/iphone/Classes/TiUISearchBarProxy.m
[DEBUG]  Writing /Users/school/Documents/School/AVF/Projects_AVF/AVF_Daroshka_01/build/iphone/Classes/TiUISlider.h
[DEBUG]  Writing /Users/school/Documents/School/AVF/Projects_AVF/AVF_Daroshka_01/build/iphone/Classes/TiUISlider.m
[DEBUG]  Writing /Users/school/Documents/School/AVF/Projects_AVF/AVF_Daroshka_01/build/iphone/Classes/TiUISliderProxy.h
[DEBUG]  Writing /Users/school/Documents/School/AVF/Projects_AVF/AVF_Daroshka_01/build/iphone/Classes/TiUISliderProxy.m
[DEBUG]  Writing /Users/school/Documents/School/AVF/Projects_AVF/AVF_Daroshka_01/build/iphone/Classes/TiUISwitch.h
[DEBUG]  Writing /Users/school/Documents/School/AVF/Projects_AVF/AVF_Daroshka_01/build/iphone/Classes/TiUISwitch.m
[DEBUG]  Writing /Users/school/Documents/School/AVF/Projects_AVF/AVF_Daroshka_01/build/iphone/Classes/TiUISwitchProxy.h
[DEBUG]  Writing /Users/school/Documents/School/AVF/Projects_AVF/AVF_Daroshka_01/build/iphone/Classes/TiUISwitchProxy.m
[DEBUG]  Writing /Users/school/Documents/School/AVF/Projects_AVF/AVF_Daroshka_01/build/iphone/Classes/TiUITabGroup.h
[DEBUG]  Writing /Users/school/Documents/School/AVF/Projects_AVF/AVF_Daroshka_01/build/iphone/Classes/TiUITabGroup.m
[DEBUG]  Writing /Users/school/Documents/School/AVF/Projects_AVF/AVF_Daroshka_01/build/iphone/Classes/TiUITabGroupProxy.h
[DEBUG]  Writing /Users/school/Documents/School/AVF/Projects_AVF/AVF_Daroshka_01/build/iphone/Classes/TiUITabGroupProxy.m
[DEBUG]  Writing /Users/school/Documents/School/AVF/Projects_AVF/AVF_Daroshka_01/build/iphone/Classes/TiUITabProxy.h
[DEBUG]  Writing /Users/school/Documents/School/AVF/Projects_AVF/AVF_Daroshka_01/build/iphone/Classes/TiUITabProxy.m
[DEBUG]  Writing /Users/school/Documents/School/AVF/Projects_AVF/AVF_Daroshka_01/build/iphone/Classes/TiUITableView.h
[DEBUG]  Writing /Users/school/Documents/School/AVF/Projects_AVF/AVF_Daroshka_01/build/iphone/Classes/TiUITableView.m
[DEBUG]  Writing /Users/school/Documents/School/AVF/Projects_AVF/AVF_Daroshka_01/build/iphone/Classes/TiUITableViewAction.h
[DEBUG]  Writing /Users/school/Documents/School/AVF/Projects_AVF/AVF_Daroshka_01/build/iphone/Classes/TiUITableViewAction.m
[DEBUG]  Writing /Users/school/Documents/School/AVF/Projects_AVF/AVF_Daroshka_01/build/iphone/Classes/TiUITableViewProxy.h
[DEBUG]  Writing /Users/school/Documents/School/AVF/Projects_AVF/AVF_Daroshka_01/build/iphone/Classes/TiUITableViewProxy.m
[DEBUG]  Writing /Users/school/Documents/School/AVF/Projects_AVF/AVF_Daroshka_01/build/iphone/Classes/TiUITableViewRowProxy.h
[DEBUG]  Writing /Users/school/Documents/School/AVF/Projects_AVF/AVF_Daroshka_01/build/iphone/Classes/TiUITableViewRowProxy.m
[DEBUG]  Writing /Users/school/Documents/School/AVF/Projects_AVF/AVF_Daroshka_01/build/iphone/Classes/TiUITableViewSectionProxy.h
[DEBUG]  Writing /Users/school/Documents/School/AVF/Projects_AVF/AVF_Daroshka_01/build/iphone/Classes/TiUITableViewSectionProxy.m
[DEBUG]  Writing /Users/school/Documents/School/AVF/Projects_AVF/AVF_Daroshka_01/build/iphone/Classes/TiUITextArea.h
[DEBUG]  Writing /Users/school/Documents/School/AVF/Projects_AVF/AVF_Daroshka_01/build/iphone/Classes/TiUITextArea.m
[DEBUG]  Writing /Users/school/Documents/School/AVF/Projects_AVF/AVF_Daroshka_01/build/iphone/Classes/TiUITextAreaProxy.h
[DEBUG]  Writing /Users/school/Documents/School/AVF/Projects_AVF/AVF_Daroshka_01/build/iphone/Classes/TiUITextAreaProxy.m
[DEBUG]  Writing /Users/school/Documents/School/AVF/Projects_AVF/AVF_Daroshka_01/build/iphone/Classes/TiUITextField.h
[DEBUG]  Writing /Users/school/Documents/School/AVF/Projects_AVF/AVF_Daroshka_01/build/iphone/Classes/TiUITextField.m
[DEBUG]  Writing /Users/school/Documents/School/AVF/Projects_AVF/AVF_Daroshka_01/build/iphone/Classes/TiUITextFieldProxy.h
[DEBUG]  Writing /Users/school/Documents/School/AVF/Projects_AVF/AVF_Daroshka_01/build/iphone/Classes/TiUITextFieldProxy.m
[DEBUG]  Writing /Users/school/Documents/School/AVF/Projects_AVF/AVF_Daroshka_01/build/iphone/Classes/TiUITextWidget.h
[DEBUG]  Writing /Users/school/Documents/School/AVF/Projects_AVF/AVF_Daroshka_01/build/iphone/Classes/TiUITextWidget.m
[DEBUG]  Writing /Users/school/Documents/School/AVF/Projects_AVF/AVF_Daroshka_01/build/iphone/Classes/TiUITextWidgetProxy.h
[DEBUG]  Writing /Users/school/Documents/School/AVF/Projects_AVF/AVF_Daroshka_01/build/iphone/Classes/TiUITextWidgetProxy.m
[DEBUG]  Writing /Users/school/Documents/School/AVF/Projects_AVF/AVF_Daroshka_01/build/iphone/Classes/TiUIView.h
[DEBUG]  Writing /Users/school/Documents/School/AVF/Projects_AVF/AVF_Daroshka_01/build/iphone/Classes/TiUIView.m
[DEBUG]  Writing /Users/school/Documents/School/AVF/Projects_AVF/AVF_Daroshka_01/build/iphone/Classes/TiUIViewProxy.h
[DEBUG]  Writing /Users/school/Documents/School/AVF/Projects_AVF/AVF_Daroshka_01/build/iphone/Classes/TiUIViewProxy.m
[DEBUG]  Writing /Users/school/Documents/School/AVF/Projects_AVF/AVF_Daroshka_01/build/iphone/Classes/TiUIWebView.h
[DEBUG]  Writing /Users/school/Documents/School/AVF/Projects_AVF/AVF_Daroshka_01/build/iphone/Classes/TiUIWebView.m
[DEBUG]  Writing /Users/school/Documents/School/AVF/Projects_AVF/AVF_Daroshka_01/build/iphone/Classes/TiUIWebViewProxy.h
[DEBUG]  Writing /Users/school/Documents/School/AVF/Projects_AVF/AVF_Daroshka_01/build/iphone/Classes/TiUIWebViewProxy.m
[DEBUG]  Writing /Users/school/Documents/School/AVF/Projects_AVF/AVF_Daroshka_01/build/iphone/Classes/TiUIWindow.h
[DEBUG]  Writing /Users/school/Documents/School/AVF/Projects_AVF/AVF_Daroshka_01/build/iphone/Classes/TiUIWindow.m
[DEBUG]  Writing /Users/school/Documents/School/AVF/Projects_AVF/AVF_Daroshka_01/build/iphone/Classes/TiUIWindowProxy.h
[DEBUG]  Writing /Users/school/Documents/School/AVF/Projects_AVF/AVF_Daroshka_01/build/iphone/Classes/TiUIWindowProxy.m
[DEBUG]  Writing /Users/school/Documents/School/AVF/Projects_AVF/AVF_Daroshka_01/build/iphone/Classes/TiUIiOSAdView.h
[DEBUG]  Writing /Users/school/Documents/School/AVF/Projects_AVF/AVF_Daroshka_01/build/iphone/Classes/TiUIiOSAdView.m
[DEBUG]  Writing /Users/school/Documents/School/AVF/Projects_AVF/AVF_Daroshka_01/build/iphone/Classes/TiUIiOSAdViewProxy.h
[DEBUG]  Writing /Users/school/Documents/School/AVF/Projects_AVF/AVF_Daroshka_01/build/iphone/Classes/TiUIiOSAdViewProxy.m
[DEBUG]  Writing /Users/school/Documents/School/AVF/Projects_AVF/AVF_Daroshka_01/build/iphone/Classes/TiUIiOSCoverFlowView.h
[DEBUG]  Writing /Users/school/Documents/School/AVF/Projects_AVF/AVF_Daroshka_01/build/iphone/Classes/TiUIiOSCoverFlowView.m
[DEBUG]  Writing /Users/school/Documents/School/AVF/Projects_AVF/AVF_Daroshka_01/build/iphone/Classes/TiUIiOSCoverFlowViewProxy.h
[DEBUG]  Writing /Users/school/Documents/School/AVF/Projects_AVF/AVF_Daroshka_01/build/iphone/Classes/TiUIiOSCoverFlowViewProxy.m
[DEBUG]  Writing /Users/school/Documents/School/AVF/Projects_AVF/AVF_Daroshka_01/build/iphone/Classes/TiUIiOSDocumentViewerProxy.h
[DEBUG]  Writing /Users/school/Documents/School/AVF/Projects_AVF/AVF_Daroshka_01/build/iphone/Classes/TiUIiOSDocumentViewerProxy.m
[DEBUG]  Writing /Users/school/Documents/School/AVF/Projects_AVF/AVF_Daroshka_01/build/iphone/Classes/TiUIiOSNavWindow.h
[DEBUG]  Writing /Users/school/Documents/School/AVF/Projects_AVF/AVF_Daroshka_01/build/iphone/Classes/TiUIiOSNavWindow.m
[DEBUG]  Writing /Users/school/Documents/School/AVF/Projects_AVF/AVF_Daroshka_01/build/iphone/Classes/TiUIiOSNavWindowProxy.h
[DEBUG]  Writing /Users/school/Documents/School/AVF/Projects_AVF/AVF_Daroshka_01/build/iphone/Classes/TiUIiOSNavWindowProxy.m
[DEBUG]  Writing /Users/school/Documents/School/AVF/Projects_AVF/AVF_Daroshka_01/build/iphone/Classes/TiUIiOSProxy.h
[DEBUG]  Writing /Users/school/Documents/School/AVF/Projects_AVF/AVF_Daroshka_01/build/iphone/Classes/TiUIiOSProxy.m
[DEBUG]  Writing /Users/school/Documents/School/AVF/Projects_AVF/AVF_Daroshka_01/build/iphone/Classes/TiUIiOSSplitWindow.h
[DEBUG]  Writing /Users/school/Documents/School/AVF/Projects_AVF/AVF_Daroshka_01/build/iphone/Classes/TiUIiOSSplitWindow.m
[DEBUG]  Writing /Users/school/Documents/School/AVF/Projects_AVF/AVF_Daroshka_01/build/iphone/Classes/TiUIiOSSplitWindowProxy.h
[DEBUG]  Writing /Users/school/Documents/School/AVF/Projects_AVF/AVF_Daroshka_01/build/iphone/Classes/TiUIiOSSplitWindowProxy.m
[DEBUG]  Writing /Users/school/Documents/School/AVF/Projects_AVF/AVF_Daroshka_01/build/iphone/Classes/TiUIiOSTabbedBarProxy.h
[DEBUG]  Writing /Users/school/Documents/School/AVF/Projects_AVF/AVF_Daroshka_01/build/iphone/Classes/TiUIiOSTabbedBarProxy.m
[DEBUG]  Writing /Users/school/Documents/School/AVF/Projects_AVF/AVF_Daroshka_01/build/iphone/Classes/TiUIiOSToolbar.h
[DEBUG]  Writing /Users/school/Documents/School/AVF/Projects_AVF/AVF_Daroshka_01/build/iphone/Classes/TiUIiOSToolbar.m
[DEBUG]  Writing /Users/school/Documents/School/AVF/Projects_AVF/AVF_Daroshka_01/build/iphone/Classes/TiUIiOSToolbarProxy.h
[DEBUG]  Writing /Users/school/Documents/School/AVF/Projects_AVF/AVF_Daroshka_01/build/iphone/Classes/TiUIiOSToolbarProxy.m
[DEBUG]  Writing /Users/school/Documents/School/AVF/Projects_AVF/AVF_Daroshka_01/build/iphone/Classes/TiUIiOSTransitionAnimationProxy.h
[DEBUG]  Writing /Users/school/Documents/School/AVF/Projects_AVF/AVF_Daroshka_01/build/iphone/Classes/TiUIiOSTransitionAnimationProxy.m
[DEBUG]  Writing /Users/school/Documents/School/AVF/Projects_AVF/AVF_Daroshka_01/build/iphone/Classes/TiUIiPadPopoverProxy.h
[DEBUG]  Writing /Users/school/Documents/School/AVF/Projects_AVF/AVF_Daroshka_01/build/iphone/Classes/TiUIiPadPopoverProxy.m
[DEBUG]  Writing /Users/school/Documents/School/AVF/Projects_AVF/AVF_Daroshka_01/build/iphone/Classes/TiUIiPadProxy.h
[DEBUG]  Writing /Users/school/Documents/School/AVF/Projects_AVF/AVF_Daroshka_01/build/iphone/Classes/TiUIiPadProxy.m
[DEBUG]  Writing /Users/school/Documents/School/AVF/Projects_AVF/AVF_Daroshka_01/build/iphone/Classes/TiUIiPadSplitWindow.h
[DEBUG]  Writing /Users/school/Documents/School/AVF/Projects_AVF/AVF_Daroshka_01/build/iphone/Classes/TiUIiPadSplitWindow.m
[DEBUG]  Writing /Users/school/Documents/School/AVF/Projects_AVF/AVF_Daroshka_01/build/iphone/Classes/TiUIiPadSplitWindowButtonProxy.h
[DEBUG]  Writing /Users/school/Documents/School/AVF/Projects_AVF/AVF_Daroshka_01/build/iphone/Classes/TiUIiPadSplitWindowButtonProxy.m
[DEBUG]  Writing /Users/school/Documents/School/AVF/Projects_AVF/AVF_Daroshka_01/build/iphone/Classes/TiUIiPadSplitWindowProxy.h
[DEBUG]  Writing /Users/school/Documents/School/AVF/Projects_AVF/AVF_Daroshka_01/build/iphone/Classes/TiUIiPadSplitWindowProxy.m
[DEBUG]  Writing /Users/school/Documents/School/AVF/Projects_AVF/AVF_Daroshka_01/build/iphone/Classes/TiUIiPhoneActivityIndicatorStyleProxy.h
[DEBUG]  Writing /Users/school/Documents/School/AVF/Projects_AVF/AVF_Daroshka_01/build/iphone/Classes/TiUIiPhoneActivityIndicatorStyleProxy.m
[DEBUG]  Writing /Users/school/Documents/School/AVF/Projects_AVF/AVF_Daroshka_01/build/iphone/Classes/TiUIiPhoneAlertDialogStyleProxy.h
[DEBUG]  Writing /Users/school/Documents/School/AVF/Projects_AVF/AVF_Daroshka_01/build/iphone/Classes/TiUIiPhoneAlertDialogStyleProxy.m
[DEBUG]  Writing /Users/school/Documents/School/AVF/Projects_AVF/AVF_Daroshka_01/build/iphone/Classes/TiUIiPhoneAnimationStyleProxy.h
[DEBUG]  Writing /Users/school/Documents/School/AVF/Projects_AVF/AVF_Daroshka_01/build/iphone/Classes/TiUIiPhoneAnimationStyleProxy.m
[DEBUG]  Writing /Users/school/Documents/School/AVF/Projects_AVF/AVF_Daroshka_01/build/iphone/Classes/TiUIiPhoneProgressBarStyleProxy.h
[DEBUG]  Writing /Users/school/Documents/School/AVF/Projects_AVF/AVF_Daroshka_01/build/iphone/Classes/TiUIiPhoneProgressBarStyleProxy.m
[DEBUG]  Writing /Users/school/Documents/School/AVF/Projects_AVF/AVF_Daroshka_01/build/iphone/Classes/TiUIiPhoneProxy.h
[DEBUG]  Writing /Users/school/Documents/School/AVF/Projects_AVF/AVF_Daroshka_01/build/iphone/Classes/TiUIiPhoneProxy.m
[DEBUG]  Writing /Users/school/Documents/School/AVF/Projects_AVF/AVF_Daroshka_01/build/iphone/Classes/TiUIiPhoneRowAnimationStyleProxy.h
[DEBUG]  Writing /Users/school/Documents/School/AVF/Projects_AVF/AVF_Daroshka_01/build/iphone/Classes/TiUIiPhoneRowAnimationStyleProxy.m
[DEBUG]  Writing /Users/school/Documents/School/AVF/Projects_AVF/AVF_Daroshka_01/build/iphone/Classes/TiUIiPhoneScrollIndicatorStyleProxy.h
[DEBUG]  Writing /Users/school/Documents/School/AVF/Projects_AVF/AVF_Daroshka_01/build/iphone/Classes/TiUIiPhoneScrollIndicatorStyleProxy.m
[DEBUG]  Writing /Users/school/Documents/School/AVF/Projects_AVF/AVF_Daroshka_01/build/iphone/Classes/TiUIiPhoneStatusBarProxy.h
[DEBUG]  Writing /Users/school/Documents/School/AVF/Projects_AVF/AVF_Daroshka_01/build/iphone/Classes/TiUIiPhoneStatusBarProxy.m
[DEBUG]  Writing /Users/school/Documents/School/AVF/Projects_AVF/AVF_Daroshka_01/build/iphone/Classes/TiUIiPhoneSystemButtonProxy.h
[DEBUG]  Writing /Users/school/Documents/School/AVF/Projects_AVF/AVF_Daroshka_01/build/iphone/Classes/TiUIiPhoneSystemButtonProxy.m
[DEBUG]  Writing /Users/school/Documents/School/AVF/Projects_AVF/AVF_Daroshka_01/build/iphone/Classes/TiUIiPhoneSystemButtonStyleProxy.h
[DEBUG]  Writing /Users/school/Documents/School/AVF/Projects_AVF/AVF_Daroshka_01/build/iphone/Classes/TiUIiPhoneSystemButtonStyleProxy.m
[DEBUG]  Writing /Users/school/Documents/School/AVF/Projects_AVF/AVF_Daroshka_01/build/iphone/Classes/TiUIiPhoneSystemIconProxy.h
[DEBUG]  Writing /Users/school/Documents/School/AVF/Projects_AVF/AVF_Daroshka_01/build/iphone/Classes/TiUIiPhoneSystemIconProxy.m
[DEBUG]  Writing /Users/school/Documents/School/AVF/Projects_AVF/AVF_Daroshka_01/build/iphone/Classes/TiUIiPhoneTableViewCellSelectionStyleProxy.h
[DEBUG]  Writing /Users/school/Documents/School/AVF/Projects_AVF/AVF_Daroshka_01/build/iphone/Classes/TiUIiPhoneTableViewCellSelectionStyleProxy.m
[DEBUG]  Writing /Users/school/Documents/School/AVF/Projects_AVF/AVF_Daroshka_01/build/iphone/Classes/TiUIiPhoneTableViewScrollPositionProxy.h
[DEBUG]  Writing /Users/school/Documents/School/AVF/Projects_AVF/AVF_Daroshka_01/build/iphone/Classes/TiUIiPhoneTableViewScrollPositionProxy.m
[DEBUG]  Writing /Users/school/Documents/School/AVF/Projects_AVF/AVF_Daroshka_01/build/iphone/Classes/TiUIiPhoneTableViewSeparatorStyleProxy.h
[DEBUG]  Writing /Users/school/Documents/School/AVF/Projects_AVF/AVF_Daroshka_01/build/iphone/Classes/TiUIiPhoneTableViewSeparatorStyleProxy.m
[DEBUG]  Writing /Users/school/Documents/School/AVF/Projects_AVF/AVF_Daroshka_01/build/iphone/Classes/TiUIiPhoneTableViewStyleProxy.h
[DEBUG]  Writing /Users/school/Documents/School/AVF/Projects_AVF/AVF_Daroshka_01/build/iphone/Classes/TiUIiPhoneTableViewStyleProxy.m
[DEBUG]  Writing /Users/school/Documents/School/AVF/Projects_AVF/AVF_Daroshka_01/build/iphone/Classes/TiUtils.h
[DEBUG]  Writing /Users/school/Documents/School/AVF/Projects_AVF/AVF_Daroshka_01/build/iphone/Classes/TiUtils.m
[DEBUG]  Writing /Users/school/Documents/School/AVF/Projects_AVF/AVF_Daroshka_01/build/iphone/Classes/TiViewAttachBehavior.h
[DEBUG]  Writing /Users/school/Documents/School/AVF/Projects_AVF/AVF_Daroshka_01/build/iphone/Classes/TiViewAttachBehavior.m
[DEBUG]  Writing /Users/school/Documents/School/AVF/Projects_AVF/AVF_Daroshka_01/build/iphone/Classes/TiViewController.h
[DEBUG]  Writing /Users/school/Documents/School/AVF/Projects_AVF/AVF_Daroshka_01/build/iphone/Classes/TiViewController.m
[DEBUG]  Writing /Users/school/Documents/School/AVF/Projects_AVF/AVF_Daroshka_01/build/iphone/Classes/TiViewProxy.h
[DEBUG]  Writing /Users/school/Documents/School/AVF/Projects_AVF/AVF_Daroshka_01/build/iphone/Classes/TiViewProxy.m
[DEBUG]  Writing /Users/school/Documents/School/AVF/Projects_AVF/AVF_Daroshka_01/build/iphone/Classes/TiViewTemplate.h
[DEBUG]  Writing /Users/school/Documents/School/AVF/Projects_AVF/AVF_Daroshka_01/build/iphone/Classes/TiViewTemplate.m
[DEBUG]  Writing /Users/school/Documents/School/AVF/Projects_AVF/AVF_Daroshka_01/build/iphone/Classes/TiWindowProxy.h
[DEBUG]  Writing /Users/school/Documents/School/AVF/Projects_AVF/AVF_Daroshka_01/build/iphone/Classes/TiWindowProxy.m
[DEBUG]  Writing /Users/school/Documents/School/AVF/Projects_AVF/AVF_Daroshka_01/build/iphone/Classes/TopTiModule.h
[DEBUG]  Writing /Users/school/Documents/School/AVF/Projects_AVF/AVF_Daroshka_01/build/iphone/Classes/TopTiModule.m
[DEBUG]  Writing /Users/school/Documents/School/AVF/Projects_AVF/AVF_Daroshka_01/build/iphone/Classes/UIImage+Alpha.h
[DEBUG]  Writing /Users/school/Documents/School/AVF/Projects_AVF/AVF_Daroshka_01/build/iphone/Classes/UIImage+Alpha.m
[DEBUG]  Writing /Users/school/Documents/School/AVF/Projects_AVF/AVF_Daroshka_01/build/iphone/Classes/UIImage+Resize.h
[DEBUG]  Writing /Users/school/Documents/School/AVF/Projects_AVF/AVF_Daroshka_01/build/iphone/Classes/UIImage+Resize.m
[DEBUG]  Writing /Users/school/Documents/School/AVF/Projects_AVF/AVF_Daroshka_01/build/iphone/Classes/UIImage+RoundedCorner.h
[DEBUG]  Writing /Users/school/Documents/School/AVF/Projects_AVF/AVF_Daroshka_01/build/iphone/Classes/UIImage+RoundedCorner.m
[DEBUG]  Writing /Users/school/Documents/School/AVF/Projects_AVF/AVF_Daroshka_01/build/iphone/Classes/UIModule.h
[DEBUG]  Writing /Users/school/Documents/School/AVF/Projects_AVF/AVF_Daroshka_01/build/iphone/Classes/UIModule.m
[DEBUG]  Writing /Users/school/Documents/School/AVF/Projects_AVF/AVF_Daroshka_01/build/iphone/Classes/UtilsModule.h
[DEBUG]  Writing /Users/school/Documents/School/AVF/Projects_AVF/AVF_Daroshka_01/build/iphone/Classes/UtilsModule.m
[DEBUG]  Writing /Users/school/Documents/School/AVF/Projects_AVF/AVF_Daroshka_01/build/iphone/Classes/WatchSessionModule.h
[DEBUG]  Writing /Users/school/Documents/School/AVF/Projects_AVF/AVF_Daroshka_01/build/iphone/Classes/WatchSessionModule.m
[DEBUG]  Writing /Users/school/Documents/School/AVF/Projects_AVF/AVF_Daroshka_01/build/iphone/Classes/WebFont.h
[DEBUG]  Writing /Users/school/Documents/School/AVF/Projects_AVF/AVF_Daroshka_01/build/iphone/Classes/WebFont.m
[DEBUG]  Writing /Users/school/Documents/School/AVF/Projects_AVF/AVF_Daroshka_01/build/iphone/Classes/Webcolor.h
[DEBUG]  Writing /Users/school/Documents/School/AVF/Projects_AVF/AVF_Daroshka_01/build/iphone/Classes/Webcolor.m
[DEBUG]  Writing /Users/school/Documents/School/AVF/Projects_AVF/AVF_Daroshka_01/build/iphone/Classes/XHRBridge.h
[DEBUG]  Writing /Users/school/Documents/School/AVF/Projects_AVF/AVF_Daroshka_01/build/iphone/Classes/XHRBridge.m
[DEBUG]  Writing /Users/school/Documents/School/AVF/Projects_AVF/AVF_Daroshka_01/build/iphone/Classes/XMLModule.h
[DEBUG]  Writing /Users/school/Documents/School/AVF/Projects_AVF/AVF_Daroshka_01/build/iphone/Classes/XMLModule.m
[DEBUG]  Writing /Users/school/Documents/School/AVF/Projects_AVF/AVF_Daroshka_01/build/iphone/Classes/YahooModule.h
[DEBUG]  Writing /Users/school/Documents/School/AVF/Projects_AVF/AVF_Daroshka_01/build/iphone/Classes/YahooModule.m
[DEBUG]  Writing /Users/school/Documents/School/AVF/Projects_AVF/AVF_Daroshka_01/build/iphone/headers/JavaScriptCore/Ti.h
[DEBUG]  Writing /Users/school/Documents/School/AVF/Projects_AVF/AVF_Daroshka_01/build/iphone/headers/JavaScriptCore/TiBase.h
[DEBUG]  Writing /Users/school/Documents/School/AVF/Projects_AVF/AVF_Daroshka_01/build/iphone/headers/JavaScriptCore/TiContext.h
[DEBUG]  Writing /Users/school/Documents/School/AVF/Projects_AVF/AVF_Daroshka_01/build/iphone/headers/JavaScriptCore/TiContextRef.h
[DEBUG]  Writing /Users/school/Documents/School/AVF/Projects_AVF/AVF_Daroshka_01/build/iphone/headers/JavaScriptCore/TiCore.h
[DEBUG]  Writing /Users/school/Documents/School/AVF/Projects_AVF/AVF_Daroshka_01/build/iphone/headers/JavaScriptCore/TiExport.h
[DEBUG]  Writing /Users/school/Documents/School/AVF/Projects_AVF/AVF_Daroshka_01/build/iphone/headers/JavaScriptCore/TiManagedValue.h
[DEBUG]  Writing /Users/school/Documents/School/AVF/Projects_AVF/AVF_Daroshka_01/build/iphone/headers/JavaScriptCore/TiObjectRef.h
[DEBUG]  Writing /Users/school/Documents/School/AVF/Projects_AVF/AVF_Daroshka_01/build/iphone/headers/JavaScriptCore/TiStringRef.h
[DEBUG]  Writing /Users/school/Documents/School/AVF/Projects_AVF/AVF_Daroshka_01/build/iphone/headers/JavaScriptCore/TiStringRefCF.h
[DEBUG]  Writing /Users/school/Documents/School/AVF/Projects_AVF/AVF_Daroshka_01/build/iphone/headers/JavaScriptCore/TiValue.h
[DEBUG]  Writing /Users/school/Documents/School/AVF/Projects_AVF/AVF_Daroshka_01/build/iphone/headers/JavaScriptCore/TiValueRef.h
[DEBUG]  Writing /Users/school/Documents/School/AVF/Projects_AVF/AVF_Daroshka_01/build/iphone/headers/JavaScriptCore/TiVirtualMachine.h
[DEBUG]  Writing /Users/school/Documents/School/AVF/Projects_AVF/AVF_Daroshka_01/build/iphone/headers/JavaScriptCore/WebKitAvailability.h
[DEBUG]  Writing /Users/school/Documents/School/AVF/Projects_AVF/AVF_Daroshka_01/build/iphone/AVF_Daroshka_01_Prefix.pch
[DEBUG]  Writing /Users/school/Documents/School/AVF/Projects_AVF/AVF_Daroshka_01/build/iphone/AVF_Daroshka_01.xcodeproj/xcshareddata/xcschemes/AVF_Daroshka_01.xcscheme
[INFO]   Cleaning Xcode derived data
[DEBUG]  Invoking: DEVELOPER_DIR=/Applications/Xcode.app/Contents/Developer /Applications/Xcode.app/Contents/Developer/usr/bin/xcodebuild clean
[TRACE]  === CLEAN TARGET AVF_Daroshka_01 OF PROJECT AVF_Daroshka_01 WITH THE DEFAULT CONFIGURATION (Release) ===
[TRACE]  Check dependencies
[TRACE]  Create product structure
[TRACE]  /bin/mkdir -p /Users/school/Documents/School/AVF/Projects_AVF/AVF_Daroshka_01/build/iphone/build/Release-iphoneos/AVF_Daroshka_01.app
[TRACE]  Clean.Remove clean /var/folders/jf/5774189572jc77pjh8658dc80000gn/C/com.apple.DeveloperTools/7.0.1-7A1001/Xcode/SharedPrecompiledHeaders/AVF_Daroshka_01_Prefix-dwctfqtzirxjnsgkipbbvctyhdqo/AVF_Daroshka_01_Prefix.pch.pch
[TRACE]  builtin-rm -rf /var/folders/jf/5774189572jc77pjh8658dc80000gn/C/com.apple.DeveloperTools/7.0.1-7A1001/Xcode/SharedPrecompiledHeaders/AVF_Daroshka_01_Prefix-dwctfqtzirxjnsgkipbbvctyhdqo/AVF_Daroshka_01_Prefix.pch.pch
[TRACE]  Clean.Remove clean /var/folders/jf/5774189572jc77pjh8658dc80000gn/C/com.apple.DeveloperTools/7.0.1-7A1001/Xcode/SharedPrecompiledHeaders/AVF_Daroshka_01_Prefix-fyddiiibcsxmiodzezttnaozxogr/AVF_Daroshka_01_Prefix.pch.pch
[TRACE]  builtin-rm -rf /var/folders/jf/5774189572jc77pjh8658dc80000gn/C/com.apple.DeveloperTools/7.0.1-7A1001/Xcode/SharedPrecompiledHeaders/AVF_Daroshka_01_Prefix-fyddiiibcsxmiodzezttnaozxogr/AVF_Daroshka_01_Prefix.pch.pch
[TRACE]  Clean.Remove clean /var/folders/jf/5774189572jc77pjh8658dc80000gn/C/com.apple.DeveloperTools/7.0.1-7A1001/Xcode/SharedPrecompiledHeaders/AVF_Daroshka_01_Prefix-exptgotsggpucnbraslryfrclkfp/AVF_Daroshka_01_Prefix.pch.pch
[TRACE]  builtin-rm -rf /var/folders/jf/5774189572jc77pjh8658dc80000gn/C/com.apple.DeveloperTools/7.0.1-7A1001/Xcode/SharedPrecompiledHeaders/AVF_Daroshka_01_Prefix-exptgotsggpucnbraslryfrclkfp/AVF_Daroshka_01_Prefix.pch.pch
[TRACE]  Clean.Remove clean /var/folders/jf/5774189572jc77pjh8658dc80000gn/C/com.apple.DeveloperTools/7.0.1-7A1001/Xcode/SharedPrecompiledHeaders/AVF_Daroshka_01_Prefix-egodnwgvhrpuwybdvgvgumjswqvw/AVF_Daroshka_01_Prefix.pch.pch
[TRACE]  builtin-rm -rf /var/folders/jf/5774189572jc77pjh8658dc80000gn/C/com.apple.DeveloperTools/7.0.1-7A1001/Xcode/SharedPrecompiledHeaders/AVF_Daroshka_01_Prefix-egodnwgvhrpuwybdvgvgumjswqvw/AVF_Daroshka_01_Prefix.pch.pch
[TRACE]  Clean.Remove clean /var/folders/jf/5774189572jc77pjh8658dc80000gn/C/com.apple.DeveloperTools/7.0.1-7A1001/Xcode/SharedPrecompiledHeaders/AVF_Daroshka_01_Prefix-afpnnbpnvpkeuienshuntdwwhntp/AVF_Daroshka_01_Prefix.pch.pch
[TRACE]  builtin-rm -rf /var/folders/jf/5774189572jc77pjh8658dc80000gn/C/com.apple.DeveloperTools/7.0.1-7A1001/Xcode/SharedPrecompiledHeaders/AVF_Daroshka_01_Prefix-afpnnbpnvpkeuienshuntdwwhntp/AVF_Daroshka_01_Prefix.pch.pch
[TRACE]  Clean.Remove clean build/Release-iphoneos/AVF_Daroshka_01.app
[TRACE]  builtin-rm -rf /Users/school/Documents/School/AVF/Projects_AVF/AVF_Daroshka_01/build/iphone/build/Release-iphoneos/AVF_Daroshka_01.app
[TRACE]  Clean.Remove clean /var/folders/jf/5774189572jc77pjh8658dc80000gn/C/com.apple.DeveloperTools/7.0.1-7A1001/Xcode/SharedPrecompiledHeaders/AVF_Daroshka_01_Prefix-fcwkumjlnpwoaydnzjylgijjzexr/AVF_Daroshka_01_Prefix.pch.pch
[TRACE]  builtin-rm -rf /var/folders/jf/5774189572jc77pjh8658dc80000gn/C/com.apple.DeveloperTools/7.0.1-7A1001/Xcode/SharedPrecompiledHeaders/AVF_Daroshka_01_Prefix-fcwkumjlnpwoaydnzjylgijjzexr/AVF_Daroshka_01_Prefix.pch.pch
[TRACE]  Clean.Remove clean build/Release-iphoneos/AVF_Daroshka_01.app.dSYM
[TRACE]  builtin-rm -rf /Users/school/Documents/School/AVF/Projects_AVF/AVF_Daroshka_01/build/iphone/build/Release-iphoneos/AVF_Daroshka_01.app.dSYM
[TRACE]  Clean.Remove clean build/AVF_Daroshka_01.build/Release-iphoneos/AVF_Daroshka_01.build
[TRACE]  builtin-rm -rf /Users/school/Documents/School/AVF/Projects_AVF/AVF_Daroshka_01/build/iphone/build/AVF_Daroshka_01.build/Release-iphoneos/AVF_Daroshka_01.build
[TRACE]  ** CLEAN SUCCEEDED **
[INFO]   Creating debugger and profiler plists