
Sat Sep 19 2015 14:55:17 GMT-0400 (EDT)

Operating System
  Name                        = Mac OS X
  Version                     = 10.10.5
  Architecture                = 64bit
  # CPUs                      = 8
  Memory                      = 17179869184

Node.js
  Node.js Version             = 0.10.37
  npm Version                 = 1.4.28

Titanium CLI
  CLI Version                 = 4.0.1

Titanium SDK
  SDK Version                 = 4.1.0.GA
  SDK Path                    = /Users/school/Library/Application Support/Titanium/mobilesdk/osx/4.1.0.GA
  Target Platform             = android

Command
  /usr/local/bin/node /Users/school/.appcelerator/install/4.1.2/package/node_modules/appc-cli-titanium/node_modules/titanium/bin/titanium build --platform android --log-level trace --sdk 4.1.0.GA --project-dir /Users/school/Documents/School/AVF/Projects_AVF/AVF_Daroshka_01 --target emulator --android-sdk /Users/school/Library/android-sdk-macosx --device-id Nexus_5_API_23_x86 --skip-js-minify --no-colors --no-progress-bars --no-prompt --prompt-type socket-bundle --prompt-port 60834 --plugin-paths /Users/school/.appcelerator/install/4.1.2/package/node_modules --config-file /var/folders/jf/5774189572jc77pjh8658dc80000gn/T/build-1442688913266.json --no-banner

[DEBUG]  Detecting modules in /Users/school/Library/Application Support/Titanium/modules
[DEBUG]  Detected android module: com.appcelerator.apm 1.1.1 @ /Users/school/Library/Application Support/Titanium/modules/android/com.appcelerator.apm/1.1.1
[DEBUG]  Detected android module: facebook 3.0.3 @ /Users/school/Library/Application Support/Titanium/modules/android/facebook/3.0.3
[DEBUG]  Detected android module: facebook 4.0.5 @ /Users/school/Library/Application Support/Titanium/modules/android/facebook/4.0.5
[DEBUG]  Detected android module: ti.cloudpush 3.3.7 @ /Users/school/Library/Application Support/Titanium/modules/android/ti.cloudpush/3.3.7
[DEBUG]  Detected android module: ti.cloudpush 3.3.8 @ /Users/school/Library/Application Support/Titanium/modules/android/ti.cloudpush/3.3.8
[DEBUG]  Detected android module: ti.map 2.2.3 @ /Users/school/Library/Application Support/Titanium/modules/android/ti.map/2.2.3
[DEBUG]  Detected android module: ti.map 2.3.1 @ /Users/school/Library/Application Support/Titanium/modules/android/ti.map/2.3.1
[DEBUG]  Detected commonjs module: ti.cloud 3.2.7 @ /Users/school/Library/Application Support/Titanium/modules/commonjs/ti.cloud/3.2.7
[DEBUG]  Detected commonjs module: ti.cloud 3.2.9 @ /Users/school/Library/Application Support/Titanium/modules/commonjs/ti.cloud/3.2.9
[DEBUG]  Detected iphone module: com.appcelerator.apm 1.1.1 @ /Users/school/Library/Application Support/Titanium/modules/iphone/com.appcelerator.apm/1.1.1
[DEBUG]  Detected iphone module: com.appcelerator.urlSession 1.1.0 @ /Users/school/Library/Application Support/Titanium/modules/iphone/com.appcelerator.urlSession/1.1.0
[DEBUG]  Detected iphone module: com.appcelerator.urlSession 1.1.1 @ /Users/school/Library/Application Support/Titanium/modules/iphone/com.appcelerator.urlSession/1.1.1
[DEBUG]  Detected iphone module: facebook 3.2.0 @ /Users/school/Library/Application Support/Titanium/modules/iphone/facebook/3.2.0
[DEBUG]  Detected iphone module: facebook 4.0.5 @ /Users/school/Library/Application Support/Titanium/modules/iphone/facebook/4.0.5
[DEBUG]  Detected iphone module: ti.coremotion 1.1.0 @ /Users/school/Library/Application Support/Titanium/modules/iphone/ti.coremotion/1.1.0
[DEBUG]  Detected iphone module: ti.map 2.2.0 @ /Users/school/Library/Application Support/Titanium/modules/iphone/ti.map/2.2.0
[DEBUG]  Detected iphone module: ti.map 2.3.1 @ /Users/school/Library/Application Support/Titanium/modules/iphone/ti.map/2.3.1
[DEBUG]  Detected iphone module: ti.touchid 1.1.0 @ /Users/school/Library/Application Support/Titanium/modules/iphone/ti.touchid/1.1.0
[DEBUG]  Looking for Titanium module id=ti.cloud version=latest platform=commonjs deploy-type=development
[INFO]   Found Titanium module id=ti.cloud version=3.2.9 platform=commonjs deploy-type=development path=/Users/school/Library/Application Support/Titanium/modules/commonjs/ti.cloud/3.2.9
[DEBUG]  No project level plugins to load
[DEBUG]  Titanium SDK Android directory: /Users/school/Library/Application Support/Titanium/mobilesdk/osx/4.1.0.GA/android
[INFO]   Deploy type: development
[INFO]   Building for target: emulator
[INFO]   Building for emulator: Nexus_5_API_23_x86
[INFO]   Targeting Android SDK: 22
[INFO]   Building for the following architectures: armeabi, armeabi-v7a, x86
[INFO]   Signing with keystore: /Users/school/Library/Application Support/Titanium/mobilesdk/osx/4.1.0.GA/android/dev_keystore (tidev)
[DEBUG]  App ID: com.avf.daroshka01
[DEBUG]  Classname: Avf_daroshka_01
[INFO]   Debugging disabled
[INFO]   Profiler disabled
[INFO]   Launching emulator: Nexus_5_API_23_x86
[TRACE]  Starting emulator: Nexus_5_API_23_x86
[TRACE]  Checking if emulator Nexus_5_API_23_x86 is running...
[TRACE]  Detecting if Nexus_5_API_23_x86 exists...
[TRACE]  Found 2 emulators
[TRACE]  Emulator exists, detecting all running emulators and connected devices...
[TRACE]  Detected 1 running emulators and connected devices
[TRACE]  Checking 1 devices to see if it's the emulator we want
[TRACE]  The emulator is running
[INFO]   Emulator already running
[TRACE]  Checking the boot state for the next 240000 ms
[TRACE]  Waiting for emulator to register with ADB
[TRACE]  Emulator process started
[TRACE]  offline build file /var/folders/jf/5774189572jc77pjh8658dc80000gn/T/build-9977b3927b669c437244c1891d6cb8f058aa1d7f.json
[TRACE]  Found 1 devices, checking if any of them are the emulator...
[TRACE]  Emulator is running!
[TRACE]  Checking if boot animation has finished...
[TRACE]  Emulator is booted, emitting booted event
[INFO]   Emulator is booted
[INFO]   SD card not required, skipping mount check
[INFO]   Emulator ready!
[TRACE]  online 1
[TRACE]  optimizing build, last build was 1200.948 sec ago
[WARN]   Overwriting file /Users/school/Documents/School/AVF/Projects_AVF/AVF_Daroshka_01/build/android/bin/assets/Resources/KS_nav_ui.png
[DEBUG]  Symlinking /Users/school/Documents/School/AVF/Projects_AVF/AVF_Daroshka_01/Resources/KS_nav_ui.png => /Users/school/Documents/School/AVF/Projects_AVF/AVF_Daroshka_01/build/android/bin/assets/Resources/KS_nav_ui.png
[WARN]   Overwriting file /Users/school/Documents/School/AVF/Projects_AVF/AVF_Daroshka_01/build/android/bin/assets/Resources/KS_nav_views.png
[DEBUG]  Symlinking /Users/school/Documents/School/AVF/Projects_AVF/AVF_Daroshka_01/Resources/KS_nav_views.png => /Users/school/Documents/School/AVF/Projects_AVF/AVF_Daroshka_01/build/android/bin/assets/Resources/KS_nav_views.png
[DEBUG]  Ignoring /Users/school/Documents/School/AVF/Projects_AVF/AVF_Daroshka_01/Resources/android
[DEBUG]  Ignoring /Users/school/Documents/School/AVF/Projects_AVF/AVF_Daroshka_01/Resources/iphone
[WARN]   Overwriting file /Users/school/Documents/School/AVF/Projects_AVF/AVF_Daroshka_01/build/android/bin/assets/Resources/wallpaper.png
[DEBUG]  Symlinking /Users/school/Documents/School/AVF/Projects_AVF/AVF_Daroshka_01/Resources/wallpaper.png => /Users/school/Documents/School/AVF/Projects_AVF/AVF_Daroshka_01/build/android/bin/assets/Resources/wallpaper.png
[WARN]   Overwriting file /Users/school/Documents/School/AVF/Projects_AVF/AVF_Daroshka_01/build/android/bin/assets/Resources/appicon.png
[DEBUG]  Symlinking /Users/school/Documents/School/AVF/Projects_AVF/AVF_Daroshka_01/Resources/android/appicon.png => /Users/school/Documents/School/AVF/Projects_AVF/AVF_Daroshka_01/build/android/bin/assets/Resources/appicon.png
[DEBUG]  Symlinking /Users/school/Documents/School/AVF/Projects_AVF/AVF_Daroshka_01/Resources/android/default.png => /Users/school/Documents/School/AVF/Projects_AVF/AVF_Daroshka_01/build/android/res/drawable/background.png
[DEBUG]  Symlinking /Users/school/Documents/School/AVF/Projects_AVF/AVF_Daroshka_01/Resources/android/images/res-long-land-hdpi/default.png => /Users/school/Documents/School/AVF/Projects_AVF/AVF_Daroshka_01/build/android/res/drawable-long-land-hdpi/background.png
[DEBUG]  Symlinking /Users/school/Documents/School/AVF/Projects_AVF/AVF_Daroshka_01/Resources/android/images/res-long-land-ldpi/default.png => /Users/school/Documents/School/AVF/Projects_AVF/AVF_Daroshka_01/build/android/res/drawable-long-land-ldpi/background.png
[DEBUG]  Symlinking /Users/school/Documents/School/AVF/Projects_AVF/AVF_Daroshka_01/Resources/android/images/res-long-port-hdpi/default.png => /Users/school/Documents/School/AVF/Projects_AVF/AVF_Daroshka_01/build/android/res/drawable-long-port-hdpi/background.png
[DEBUG]  Symlinking /Users/school/Documents/School/AVF/Projects_AVF/AVF_Daroshka_01/Resources/android/images/res-long-port-ldpi/default.png => /Users/school/Documents/School/AVF/Projects_AVF/AVF_Daroshka_01/build/android/res/drawable-long-port-ldpi/background.png
[DEBUG]  Symlinking /Users/school/Documents/School/AVF/Projects_AVF/AVF_Daroshka_01/Resources/android/images/res-notlong-land-hdpi/default.png => /Users/school/Documents/School/AVF/Projects_AVF/AVF_Daroshka_01/build/android/res/drawable-notlong-land-hdpi/background.png
[DEBUG]  Symlinking /Users/school/Documents/School/AVF/Projects_AVF/AVF_Daroshka_01/Resources/android/images/res-notlong-land-ldpi/default.png => /Users/school/Documents/School/AVF/Projects_AVF/AVF_Daroshka_01/build/android/res/drawable-notlong-land-ldpi/background.png
[DEBUG]  Symlinking /Users/school/Documents/School/AVF/Projects_AVF/AVF_Daroshka_01/Resources/android/images/res-notlong-land-mdpi/default.png => /Users/school/Documents/School/AVF/Projects_AVF/AVF_Daroshka_01/build/android/res/drawable-notlong-land-mdpi/background.png
[DEBUG]  Symlinking /Users/school/Documents/School/AVF/Projects_AVF/AVF_Daroshka_01/Resources/android/images/res-notlong-port-hdpi/default.png => /Users/school/Documents/School/AVF/Projects_AVF/AVF_Daroshka_01/build/android/res/drawable-notlong-port-hdpi/background.png
[DEBUG]  Symlinking /Users/school/Documents/School/AVF/Projects_AVF/AVF_Daroshka_01/Resources/android/images/res-notlong-port-ldpi/default.png => /Users/school/Documents/School/AVF/Projects_AVF/AVF_Daroshka_01/build/android/res/drawable-notlong-port-ldpi/background.png
[DEBUG]  Symlinking /Users/school/Documents/School/AVF/Projects_AVF/AVF_Daroshka_01/Resources/android/images/res-notlong-port-mdpi/default.png => /Users/school/Documents/School/AVF/Projects_AVF/AVF_Daroshka_01/build/android/res/drawable-notlong-port-mdpi/background.png
[DEBUG]  Symlinking /Users/school/Documents/School/AVF/Projects_AVF/AVF_Daroshka_01/build/android/bin/assets/Resources/appicon.png => /Users/school/Documents/School/AVF/Projects_AVF/AVF_Daroshka_01/build/android/res/drawable/appicon.png
[INFO]   Processing JavaScript files
[WARN]   Overwriting file /Users/school/Documents/School/AVF/Projects_AVF/AVF_Daroshka_01/build/android/bin/assets/Resources/app.js
[DEBUG]  Symlinking /Users/school/Documents/School/AVF/Projects_AVF/AVF_Daroshka_01/Resources/app.js => /Users/school/Documents/School/AVF/Projects_AVF/AVF_Daroshka_01/build/android/bin/assets/Resources/app.js
[WARN]   Overwriting file /Users/school/Documents/School/AVF/Projects_AVF/AVF_Daroshka_01/build/android/bin/assets/Resources/geo.js
[DEBUG]  Symlinking /Users/school/Documents/School/AVF/Projects_AVF/AVF_Daroshka_01/Resources/geo.js => /Users/school/Documents/School/AVF/Projects_AVF/AVF_Daroshka_01/build/android/bin/assets/Resources/geo.js
[WARN]   Overwriting file /Users/school/Documents/School/AVF/Projects_AVF/AVF_Daroshka_01/build/android/bin/assets/Resources/ui.js
[DEBUG]  Symlinking /Users/school/Documents/School/AVF/Projects_AVF/AVF_Daroshka_01/Resources/ui.js => /Users/school/Documents/School/AVF/Projects_AVF/AVF_Daroshka_01/build/android/bin/assets/Resources/ui.js
[WARN]   Overwriting file /Users/school/Documents/School/AVF/Projects_AVF/AVF_Daroshka_01/build/android/bin/assets/Resources/ti.cloud.js
[DEBUG]  Symlinking /Users/school/Library/Application Support/Titanium/modules/commonjs/ti.cloud/3.2.9/ti.cloud.js => /Users/school/Documents/School/AVF/Projects_AVF/AVF_Daroshka_01/build/android/bin/assets/Resources/ti.cloud.js
[DEBUG]  Adding library /Users/school/Library/Application Support/Titanium/mobilesdk/osx/4.1.0.GA/android/kroll-v8.jar
[DEBUG]  Adding library /Users/school/Library/Application Support/Titanium/mobilesdk/osx/4.1.0.GA/android/modules/titanium-analytics.jar
[DEBUG]  Adding dependency library /Users/school/Library/Application Support/Titanium/mobilesdk/osx/4.1.0.GA/android/aps-analytics.jar
[DEBUG]  Adding library /Users/school/Library/Application Support/Titanium/mobilesdk/osx/4.1.0.GA/android/modules/titanium-android.jar
[DEBUG]  Adding dependency library /Users/school/Library/Application Support/Titanium/mobilesdk/osx/4.1.0.GA/android/jaxen-1.1.1.jar
[DEBUG]  Adding dependency library /Users/school/Library/Application Support/Titanium/mobilesdk/osx/4.1.0.GA/android/ti-commons-codec-1.3.jar
[DEBUG]  Adding dependency library /Users/school/Library/Application Support/Titanium/mobilesdk/osx/4.1.0.GA/android/kroll-common.jar
[DEBUG]  Adding dependency library /Users/school/Library/Application Support/Titanium/mobilesdk/osx/4.1.0.GA/android/titanium.jar
[DEBUG]  Adding library /Users/school/Library/Application Support/Titanium/mobilesdk/osx/4.1.0.GA/android/modules/titanium-app.jar
[DEBUG]  Adding library /Users/school/Library/Application Support/Titanium/mobilesdk/osx/4.1.0.GA/android/modules/titanium-ui.jar
[DEBUG]  Adding dependency library /Users/school/Library/Application Support/Titanium/mobilesdk/osx/4.1.0.GA/android/nineoldandroids-appc-2.4.0.jar
[DEBUG]  Adding library /Users/school/Library/Application Support/Titanium/mobilesdk/osx/4.1.0.GA/android/modules/titanium-filesystem.jar
[DEBUG]  Adding library /Users/school/Library/Application Support/Titanium/mobilesdk/osx/4.1.0.GA/android/modules/titanium-media.jar
[DEBUG]  Adding library /Users/school/Library/Application Support/Titanium/mobilesdk/osx/4.1.0.GA/android/modules/titanium-appcompat.jar
[DEBUG]  Adding dependency library /Users/school/Library/Application Support/Titanium/mobilesdk/osx/4.1.0.GA/android/android-support-v4.jar
[DEBUG]  Adding dependency library /Users/school/Library/Application Support/Titanium/mobilesdk/osx/4.1.0.GA/android/android-support-v7-appcompat.jar
[DEBUG]  Adding library /Users/school/Library/Application Support/Titanium/mobilesdk/osx/4.1.0.GA/android/modules/titanium-locale.jar
[DEBUG]  Adding library /Users/school/Library/Application Support/Titanium/mobilesdk/osx/4.1.0.GA/android/modules/titanium-network.jar
[DEBUG]  Adding dependency library /Users/school/Library/Application Support/Titanium/mobilesdk/osx/4.1.0.GA/android/thirdparty.jar
[DEBUG]  Adding library /Users/school/Library/Application Support/Titanium/mobilesdk/osx/4.1.0.GA/android/modules/titanium-xml.jar
[DEBUG]  Adding library /Users/school/Library/Application Support/Titanium/mobilesdk/osx/4.1.0.GA/android/modules/titanium-utils.jar
[DEBUG]  Adding library /Users/school/Library/Application Support/Titanium/mobilesdk/osx/4.1.0.GA/android/modules/titanium-geolocation.jar
[DEBUG]  Adding library /Users/school/Library/Application Support/Titanium/mobilesdk/osx/4.1.0.GA/android/modules/titanium-accelerometer.jar
[DEBUG]  Adding library /Users/school/Library/Application Support/Titanium/mobilesdk/osx/4.1.0.GA/android/modules/titanium-contacts.jar
[DEBUG]  Adding library /Users/school/Library/Application Support/Titanium/mobilesdk/osx/4.1.0.GA/android/modules/titanium-map.jar
[DEBUG]  Adding library /Users/school/Library/Application Support/Titanium/mobilesdk/osx/4.1.0.GA/android/modules/titanium-calendar.jar
[DEBUG]  Adding library /Users/school/Library/Application Support/Titanium/mobilesdk/osx/4.1.0.GA/android/modules/titanium-gesture.jar
[DEBUG]  Adding library /Users/school/Library/Application Support/Titanium/mobilesdk/osx/4.1.0.GA/android/modules/titanium-platform.jar
[DEBUG]  Adding library /Users/school/Library/Application Support/Titanium/mobilesdk/osx/4.1.0.GA/android/modules/titanium-database.jar
[DEBUG]  Unknown namespace api, skipping
[DEBUG]  Unknown namespace app.deploytype, skipping
[DEBUG]  Unknown namespace ui.ios, skipping
[INFO]   Writing /Users/school/Documents/School/AVF/Projects_AVF/AVF_Daroshka_01/build/android/bin/assets/app.json
[INFO]   Extracting module resources: /Users/school/Library/Application Support/Titanium/mobilesdk/osx/4.1.0.GA/android/modules/titanium-analytics.res.zip
[DEBUG]  Copying /var/folders/jf/5774189572jc77pjh8658dc80000gn/T/115819-3205-osycb3/res/values/strings.xml => /Users/school/Documents/School/AVF/Projects_AVF/AVF_Daroshka_01/build/android/res/values/strings.xml
[INFO]   Extracting module resources: /Users/school/Library/Application Support/Titanium/mobilesdk/osx/4.1.0.GA/android/modules/titanium-android.res.zip
[DEBUG]  Merging /var/folders/jf/5774189572jc77pjh8658dc80000gn/T/115819-3205-ftf4dc/res/values/strings.xml => /Users/school/Documents/School/AVF/Projects_AVF/AVF_Daroshka_01/build/android/res/values/strings.xml
[INFO]   Extracting module resources: /Users/school/Library/Application Support/Titanium/mobilesdk/osx/4.1.0.GA/android/modules/titanium-app.res.zip
[DEBUG]  Merging /var/folders/jf/5774189572jc77pjh8658dc80000gn/T/115819-3205-13gr1v1/res/values/strings.xml => /Users/school/Documents/School/AVF/Projects_AVF/AVF_Daroshka_01/build/android/res/values/strings.xml
[INFO]   Extracting module resources: /Users/school/Library/Application Support/Titanium/mobilesdk/osx/4.1.0.GA/android/modules/titanium-filesystem.res.zip
[DEBUG]  Merging /var/folders/jf/5774189572jc77pjh8658dc80000gn/T/115819-3205-1vvu05/res/values/strings.xml => /Users/school/Documents/School/AVF/Projects_AVF/AVF_Daroshka_01/build/android/res/values/strings.xml
[INFO]   Extracting module resources: /Users/school/Library/Application Support/Titanium/mobilesdk/osx/4.1.0.GA/android/modules/titanium-media.res.zip
[DEBUG]  Merging /var/folders/jf/5774189572jc77pjh8658dc80000gn/T/115819-3205-8rofi0/res/values/strings.xml => /Users/school/Documents/School/AVF/Projects_AVF/AVF_Daroshka_01/build/android/res/values/strings.xml
[INFO]   Extracting module resources: /Users/school/Library/Application Support/Titanium/mobilesdk/osx/4.1.0.GA/android/modules/titanium-locale.res.zip
[DEBUG]  Merging /var/folders/jf/5774189572jc77pjh8658dc80000gn/T/115819-3205-eir0va/res/values/strings.xml => /Users/school/Documents/School/AVF/Projects_AVF/AVF_Daroshka_01/build/android/res/values/strings.xml
[INFO]   Extracting module resources: /Users/school/Library/Application Support/Titanium/mobilesdk/osx/4.1.0.GA/android/modules/titanium-network.res.zip
[DEBUG]  Merging /var/folders/jf/5774189572jc77pjh8658dc80000gn/T/115819-3205-g88kjf/res/values/strings.xml => /Users/school/Documents/School/AVF/Projects_AVF/AVF_Daroshka_01/build/android/res/values/strings.xml
[INFO]   Extracting module resources: /Users/school/Library/Application Support/Titanium/mobilesdk/osx/4.1.0.GA/android/modules/titanium-xml.res.zip
[DEBUG]  Merging /var/folders/jf/5774189572jc77pjh8658dc80000gn/T/115819-3205-sbcsrx/res/values/strings.xml => /Users/school/Documents/School/AVF/Projects_AVF/AVF_Daroshka_01/build/android/res/values/strings.xml
[INFO]   Extracting module resources: /Users/school/Library/Application Support/Titanium/mobilesdk/osx/4.1.0.GA/android/modules/titanium-utils.res.zip
[DEBUG]  Merging /var/folders/jf/5774189572jc77pjh8658dc80000gn/T/115819-3205-mqh5mf/res/values/strings.xml => /Users/school/Documents/School/AVF/Projects_AVF/AVF_Daroshka_01/build/android/res/values/strings.xml
[INFO]   Extracting module resources: /Users/school/Library/Application Support/Titanium/mobilesdk/osx/4.1.0.GA/android/modules/titanium-geolocation.res.zip
[DEBUG]  Merging /var/folders/jf/5774189572jc77pjh8658dc80000gn/T/115819-3205-12cws3n/res/values/strings.xml => /Users/school/Documents/School/AVF/Projects_AVF/AVF_Daroshka_01/build/android/res/values/strings.xml
[INFO]   Extracting module resources: /Users/school/Library/Application Support/Titanium/mobilesdk/osx/4.1.0.GA/android/modules/titanium-accelerometer.res.zip
[DEBUG]  Merging /var/folders/jf/5774189572jc77pjh8658dc80000gn/T/115819-3205-x9p0ju/res/values/strings.xml => /Users/school/Documents/School/AVF/Projects_AVF/AVF_Daroshka_01/build/android/res/values/strings.xml
[INFO]   Extracting module resources: /Users/school/Library/Application Support/Titanium/mobilesdk/osx/4.1.0.GA/android/modules/titanium-contacts.res.zip
[DEBUG]  Merging /var/folders/jf/5774189572jc77pjh8658dc80000gn/T/115819-3205-yzkrs9/res/values/strings.xml => /Users/school/Documents/School/AVF/Projects_AVF/AVF_Daroshka_01/build/android/res/values/strings.xml
[INFO]   Extracting module resources: /Users/school/Library/Application Support/Titanium/mobilesdk/osx/4.1.0.GA/android/modules/titanium-map.res.zip
[DEBUG]  Merging /var/folders/jf/5774189572jc77pjh8658dc80000gn/T/115819-3205-1mptk9g/res/values/strings.xml => /Users/school/Documents/School/AVF/Projects_AVF/AVF_Daroshka_01/build/android/res/values/strings.xml
[INFO]   Extracting module resources: /Users/school/Library/Application Support/Titanium/mobilesdk/osx/4.1.0.GA/android/modules/titanium-calendar.res.zip
[DEBUG]  Merging /var/folders/jf/5774189572jc77pjh8658dc80000gn/T/115819-3205-1d9sw1f/res/values/strings.xml => /Users/school/Documents/School/AVF/Projects_AVF/AVF_Daroshka_01/build/android/res/values/strings.xml
[INFO]   Extracting module resources: /Users/school/Library/Application Support/Titanium/mobilesdk/osx/4.1.0.GA/android/modules/titanium-gesture.res.zip
[DEBUG]  Merging /var/folders/jf/5774189572jc77pjh8658dc80000gn/T/115819-3205-1eqikss/res/values/strings.xml => /Users/school/Documents/School/AVF/Projects_AVF/AVF_Daroshka_01/build/android/res/values/strings.xml
[INFO]   Extracting module resources: /Users/school/Library/Application Support/Titanium/mobilesdk/osx/4.1.0.GA/android/modules/titanium-platform.res.zip
[DEBUG]  Merging /var/folders/jf/5774189572jc77pjh8658dc80000gn/T/115819-3205-150fzv0/res/values/strings.xml => /Users/school/Documents/School/AVF/Projects_AVF/AVF_Daroshka_01/build/android/res/values/strings.xml
[INFO]   Extracting module resources: /Users/school/Library/Application Support/Titanium/mobilesdk/osx/4.1.0.GA/android/modules/titanium-database.res.zip
[DEBUG]  Merging /var/folders/jf/5774189572jc77pjh8658dc80000gn/T/115819-3205-13l3g6e/res/values/strings.xml => /Users/school/Documents/School/AVF/Projects_AVF/AVF_Daroshka_01/build/android/res/values/strings.xml
[DEBUG]  Removing old file: /Users/school/Documents/School/AVF/Projects_AVF/AVF_Daroshka_01/build/android/.classpath
[DEBUG]  Removing old file: /Users/school/Documents/School/AVF/Projects_AVF/AVF_Daroshka_01/build/android/.gitignore
[DEBUG]  Removing old file: /Users/school/Documents/School/AVF/Projects_AVF/AVF_Daroshka_01/build/android/.project
[DEBUG]  Removing old file: /Users/school/Documents/School/AVF/Projects_AVF/AVF_Daroshka_01/build/android/AndroidManifest.xml
[DEBUG]  Removing old file: /Users/school/Documents/School/AVF/Projects_AVF/AVF_Daroshka_01/build/android/default.properties
[DEBUG]  Removing old file: /Users/school/Documents/School/AVF/Projects_AVF/AVF_Daroshka_01/build/android/gen/com/avf/daroshka01/ApplicationStylesheet.java
[DEBUG]  Removing old file: /Users/school/Documents/School/AVF/Projects_AVF/AVF_Daroshka_01/build/android/gen/com/avf/daroshka01/Avf_daroshka_01Activity.java
[DEBUG]  Removing old file: /Users/school/Documents/School/AVF/Projects_AVF/AVF_Daroshka_01/build/android/gen/com/avf/daroshka01/Avf_daroshka_01AppInfo.java
[DEBUG]  Removing old file: /Users/school/Documents/School/AVF/Projects_AVF/AVF_Daroshka_01/build/android/gen/com/avf/daroshka01/Avf_daroshka_01Application.java
[DEBUG]  Removing old file: /Users/school/Documents/School/AVF/Projects_AVF/AVF_Daroshka_01/build/android/gen/com/avf/daroshka01/R.java
[DEBUG]  Removing old file: /Users/school/Documents/School/AVF/Projects_AVF/AVF_Daroshka_01/build/android/java-sources.txt
[DEBUG]  Copying template /Users/school/Library/Application Support/Titanium/mobilesdk/osx/4.1.0.GA/android/templates/build/AppInfo.java => /Users/school/Documents/School/AVF/Projects_AVF/AVF_Daroshka_01/build/android/gen/com/avf/daroshka01/Avf_daroshka_01AppInfo.java
[DEBUG]  Copying template /Users/school/Library/Application Support/Titanium/mobilesdk/osx/4.1.0.GA/android/templates/build/App.java => /Users/school/Documents/School/AVF/Projects_AVF/AVF_Daroshka_01/build/android/gen/com/avf/daroshka01/Avf_daroshka_01Application.java
[DEBUG]  Copying template /Users/school/Library/Application Support/Titanium/mobilesdk/osx/4.1.0.GA/android/templates/build/Activity.java => /Users/school/Documents/School/AVF/Projects_AVF/AVF_Daroshka_01/build/android/gen/com/avf/daroshka01/Avf_daroshka_01Activity.java
[DEBUG]  Copying template /Users/school/Library/Application Support/Titanium/mobilesdk/osx/4.1.0.GA/android/templates/build/project => /Users/school/Documents/School/AVF/Projects_AVF/AVF_Daroshka_01/build/android/.project
[DEBUG]  Copying template /Users/school/Library/Application Support/Titanium/mobilesdk/osx/4.1.0.GA/android/templates/build/default.properties => /Users/school/Documents/School/AVF/Projects_AVF/AVF_Daroshka_01/build/android/default.properties
[DEBUG]  Copying /Users/school/Library/Application Support/Titanium/mobilesdk/osx/4.1.0.GA/android/templates/build/gitignore => /Users/school/Documents/School/AVF/Projects_AVF/AVF_Daroshka_01/build/android/.gitignore
[DEBUG]  Copying /Users/school/Library/Application Support/Titanium/mobilesdk/osx/4.1.0.GA/android/templates/build/classpath => /Users/school/Documents/School/AVF/Projects_AVF/AVF_Daroshka_01/build/android/.classpath
[INFO]   No aidl files to compile, continuing
[INFO]   Generating i18n files
[DEBUG]  Merging en strings => /Users/school/Documents/School/AVF/Projects_AVF/AVF_Daroshka_01/build/android/res/values/strings.xml
[INFO]   Generating /Users/school/Documents/School/AVF/Projects_AVF/AVF_Daroshka_01/build/android/res/values/theme.xml
[INFO]   Packaging application: /Users/school/Library/android-sdk-macosx/build-tools/23.0.0/aapt "package" "-f" "-m" "-J" "/Users/school/Documents/School/AVF/Projects_AVF/AVF_Daroshka_01/build/android/gen" "-M" "/Users/school/Documents/School/AVF/Projects_AVF/AVF_Daroshka_01/build/android/AndroidManifest.xml" "-A" "/Users/school/Documents/School/AVF/Projects_AVF/AVF_Daroshka_01/build/android/bin/assets" "-S" "/Users/school/Documents/School/AVF/Projects_AVF/AVF_Daroshka_01/build/android/res" "-I" "/Users/school/Library/android-sdk-macosx/platforms/android-22/android.jar" "-F" "/Users/school/Documents/School/AVF/Projects_AVF/AVF_Daroshka_01/build/android/bin/app.ap_" "--auto-add-overlay" "--extra-packages" "ti.modules.titanium.ui:android.support.v7.appcompat" "-S" "/var/folders/jf/5774189572jc77pjh8658dc80000gn/T/115819-3205-vsb1zs/res" "-S" "/var/folders/jf/5774189572jc77pjh8658dc80000gn/T/115819-3205-1d9v2jk/res"
[INFO]   Building Java source files: /Library/Java/JavaVirtualMachines/jdk1.7.0_80.jdk/Contents/Home/bin/javac "-J-Xmx256M" "-encoding" "utf8" "-bootclasspath" "/Users/school/Library/android-sdk-macosx/platforms/android-22/android.jar:/Users/school/Library/Application Support/Titanium/mobilesdk/osx/4.1.0.GA/android/kroll-v8.jar:/Users/school/Library/Application Support/Titanium/mobilesdk/osx/4.1.0.GA/android/modules/titanium-analytics.jar:/Users/school/Library/Application Support/Titanium/mobilesdk/osx/4.1.0.GA/android/aps-analytics.jar:/Users/school/Library/Application Support/Titanium/mobilesdk/osx/4.1.0.GA/android/modules/titanium-android.jar:/Users/school/Library/Application Support/Titanium/mobilesdk/osx/4.1.0.GA/android/jaxen-1.1.1.jar:/Users/school/Library/Application Support/Titanium/mobilesdk/osx/4.1.0.GA/android/ti-commons-codec-1.3.jar:/Users/school/Library/Application Support/Titanium/mobilesdk/osx/4.1.0.GA/android/kroll-common.jar:/Users/school/Library/Application Support/Titanium/mobilesdk/osx/4.1.0.GA/android/titanium.jar:/Users/school/Library/Application Support/Titanium/mobilesdk/osx/4.1.0.GA/android/modules/titanium-app.jar:/Users/school/Library/Application Support/Titanium/mobilesdk/osx/4.1.0.GA/android/modules/titanium-ui.jar:/Users/school/Library/Application Support/Titanium/mobilesdk/osx/4.1.0.GA/android/nineoldandroids-appc-2.4.0.jar:/Users/school/Library/Application Support/Titanium/mobilesdk/osx/4.1.0.GA/android/modules/titanium-filesystem.jar:/Users/school/Library/Application Support/Titanium/mobilesdk/osx/4.1.0.GA/android/modules/titanium-media.jar:/Users/school/Library/Application Support/Titanium/mobilesdk/osx/4.1.0.GA/android/modules/titanium-appcompat.jar:/Users/school/Library/Application Support/Titanium/mobilesdk/osx/4.1.0.GA/android/android-support-v4.jar:/Users/school/Library/Application Support/Titanium/mobilesdk/osx/4.1.0.GA/android/android-support-v7-appcompat.jar:/Users/school/Library/Application Support/Titanium/mobilesdk/osx/4.1.0.GA/android/modules/titanium-locale.jar:/Users/school/Library/Application Support/Titanium/mobilesdk/osx/4.1.0.GA/android/modules/titanium-network.jar:/Users/school/Library/Application Support/Titanium/mobilesdk/osx/4.1.0.GA/android/thirdparty.jar:/Users/school/Library/Application Support/Titanium/mobilesdk/osx/4.1.0.GA/android/modules/titanium-xml.jar:/Users/school/Library/Application Support/Titanium/mobilesdk/osx/4.1.0.GA/android/modules/titanium-utils.jar:/Users/school/Library/Application Support/Titanium/mobilesdk/osx/4.1.0.GA/android/modules/titanium-geolocation.jar:/Users/school/Library/Application Support/Titanium/mobilesdk/osx/4.1.0.GA/android/modules/titanium-accelerometer.jar:/Users/school/Library/Application Support/Titanium/mobilesdk/osx/4.1.0.GA/android/modules/titanium-contacts.jar:/Users/school/Library/Application Support/Titanium/mobilesdk/osx/4.1.0.GA/android/modules/titanium-map.jar:/Users/school/Library/Application Support/Titanium/mobilesdk/osx/4.1.0.GA/android/modules/titanium-calendar.jar:/Users/school/Library/Application Support/Titanium/mobilesdk/osx/4.1.0.GA/android/modules/titanium-gesture.jar:/Users/school/Library/Application Support/Titanium/mobilesdk/osx/4.1.0.GA/android/modules/titanium-platform.jar:/Users/school/Library/Application Support/Titanium/mobilesdk/osx/4.1.0.GA/android/modules/titanium-database.jar:/Users/school/Library/Application Support/Titanium/mobilesdk/osx/4.1.0.GA/android/lib/titanium-verify.jar:R.class:ApplicationStylesheet.class:Avf_daroshka_01Activity.class:Avf_daroshka_01AppInfo.class:Avf_daroshka_01Application.class" "-d" "/Users/school/Documents/School/AVF/Projects_AVF/AVF_Daroshka_01/build/android/bin/classes" "-proc:none" "-target" "1.6" "-source" "1.6" "@/Users/school/Documents/School/AVF/Projects_AVF/AVF_Daroshka_01/build/android/java-sources.txt"
[INFO]   Running dexer: /Library/Java/JavaVirtualMachines/jdk1.7.0_80.jdk/Contents/Home/bin/java "-Xmx1024M" "-XX:-UseGCOverheadLimit" "-Djava.ext.dirs=/Users/school/Library/android-sdk-macosx/platform-tools" "-jar" "/Users/school/Library/android-sdk-macosx/build-tools/23.0.0/lib/dx.jar" "--dex" "--output=/Users/school/Documents/School/AVF/Projects_AVF/AVF_Daroshka_01/build/android/bin/classes.dex" "/Users/school/Documents/School/AVF/Projects_AVF/AVF_Daroshka_01/build/android/bin/classes" "/Users/school/Library/Application Support/Titanium/mobilesdk/osx/4.1.0.GA/android/lib/titanium-verify.jar" "/Users/school/Library/Application Support/Titanium/mobilesdk/osx/4.1.0.GA/android/kroll-v8.jar" "/Users/school/Library/Application Support/Titanium/mobilesdk/osx/4.1.0.GA/android/modules/titanium-analytics.jar" "/Users/school/Library/Application Support/Titanium/mobilesdk/osx/4.1.0.GA/android/aps-analytics.jar" "/Users/school/Library/Application Support/Titanium/mobilesdk/osx/4.1.0.GA/android/modules/titanium-android.jar" "/Users/school/Library/Application Support/Titanium/mobilesdk/osx/4.1.0.GA/android/jaxen-1.1.1.jar" "/Users/school/Library/Application Support/Titanium/mobilesdk/osx/4.1.0.GA/android/ti-commons-codec-1.3.jar" "/Users/school/Library/Application Support/Titanium/mobilesdk/osx/4.1.0.GA/android/kroll-common.jar" "/Users/school/Library/Application Support/Titanium/mobilesdk/osx/4.1.0.GA/android/titanium.jar" "/Users/school/Library/Application Support/Titanium/mobilesdk/osx/4.1.0.GA/android/modules/titanium-app.jar" "/Users/school/Library/Application Support/Titanium/mobilesdk/osx/4.1.0.GA/android/modules/titanium-ui.jar" "/Users/school/Library/Application Support/Titanium/mobilesdk/osx/4.1.0.GA/android/nineoldandroids-appc-2.4.0.jar" "/Users/school/Library/Application Support/Titanium/mobilesdk/osx/4.1.0.GA/android/modules/titanium-filesystem.jar" "/Users/school/Library/Application Support/Titanium/mobilesdk/osx/4.1.0.GA/android/modules/titanium-media.jar" "/Users/school/Library/Application Support/Titanium/mobilesdk/osx/4.1.0.GA/android/modules/titanium-appcompat.jar" "/Users/school/Library/Application Support/Titanium/mobilesdk/osx/4.1.0.GA/android/android-support-v4.jar" "/Users/school/Library/Application Support/Titanium/mobilesdk/osx/4.1.0.GA/android/android-support-v7-appcompat.jar" "/Users/school/Library/Application Support/Titanium/mobilesdk/osx/4.1.0.GA/android/modules/titanium-locale.jar" "/Users/school/Library/Application Support/Titanium/mobilesdk/osx/4.1.0.GA/android/modules/titanium-network.jar" "/Users/school/Library/Application Support/Titanium/mobilesdk/osx/4.1.0.GA/android/thirdparty.jar" "/Users/school/Library/Application Support/Titanium/mobilesdk/osx/4.1.0.GA/android/modules/titanium-xml.jar" "/Users/school/Library/Application Support/Titanium/mobilesdk/osx/4.1.0.GA/android/modules/titanium-utils.jar" "/Users/school/Library/Application Support/Titanium/mobilesdk/osx/4.1.0.GA/android/modules/titanium-geolocation.jar" "/Users/school/Library/Application Support/Titanium/mobilesdk/osx/4.1.0.GA/android/modules/titanium-accelerometer.jar" "/Users/school/Library/Application Support/Titanium/mobilesdk/osx/4.1.0.GA/android/modules/titanium-contacts.jar" "/Users/school/Library/Application Support/Titanium/mobilesdk/osx/4.1.0.GA/android/modules/titanium-map.jar" "/Users/school/Library/Application Support/Titanium/mobilesdk/osx/4.1.0.GA/android/modules/titanium-calendar.jar" "/Users/school/Library/Application Support/Titanium/mobilesdk/osx/4.1.0.GA/android/modules/titanium-gesture.jar" "/Users/school/Library/Application Support/Titanium/mobilesdk/osx/4.1.0.GA/android/modules/titanium-platform.jar" "/Users/school/Library/Application Support/Titanium/mobilesdk/osx/4.1.0.GA/android/modules/titanium-database.jar"
[INFO]   Creating unsigned apk
[DEBUG]  Processing /Users/school/Documents/School/AVF/Projects_AVF/AVF_Daroshka_01/build/android/bin/app.ap_
[DEBUG]  Deflating AndroidManifest.xml
[DEBUG]  Adding assets/Resources/KS_nav_ui.png
[DEBUG]  Adding assets/Resources/KS_nav_views.png
[DEBUG]  Deflating assets/Resources/_app_props_.json
[DEBUG]  Deflating assets/Resources/app.js
[DEBUG]  Adding assets/Resources/appicon.png
[DEBUG]  Deflating assets/Resources/geo.js
[DEBUG]  Deflating assets/Resources/ti.cloud.js
[DEBUG]  Deflating assets/Resources/ui.js
[DEBUG]  Adding assets/Resources/wallpaper.png
[DEBUG]  Deflating assets/app.json
[DEBUG]  Deflating assets/index.json
[DEBUG]  Deflating res/anim/abc_fade_in.xml
[DEBUG]  Deflating res/anim/abc_fade_out.xml
[DEBUG]  Deflating res/anim/abc_grow_fade_in_from_bottom.xml
[DEBUG]  Deflating res/anim/abc_popup_enter.xml
[DEBUG]  Deflating res/anim/abc_popup_exit.xml
[DEBUG]  Deflating res/anim/abc_shrink_fade_out_from_bottom.xml
[DEBUG]  Deflating res/anim/abc_slide_in_bottom.xml
[DEBUG]  Deflating res/anim/abc_slide_in_top.xml
[DEBUG]  Deflating res/anim/abc_slide_out_bottom.xml
[DEBUG]  Deflating res/anim/abc_slide_out_top.xml
[DEBUG]  Deflating res/color-v11/abc_background_cache_hint_selector_material_dark.xml
[DEBUG]  Deflating res/color-v11/abc_background_cache_hint_selector_material_light.xml
[DEBUG]  Deflating res/color/abc_background_cache_hint_selector_material_dark.xml
[DEBUG]  Deflating res/color/abc_background_cache_hint_selector_material_light.xml
[DEBUG]  Deflating res/color/abc_primary_text_disable_only_material_dark.xml
[DEBUG]  Deflating res/color/abc_primary_text_disable_only_material_light.xml
[DEBUG]  Deflating res/color/abc_primary_text_material_dark.xml
[DEBUG]  Deflating res/color/abc_primary_text_material_light.xml
[DEBUG]  Deflating res/color/abc_search_url_text.xml
[DEBUG]  Deflating res/color/abc_secondary_text_material_dark.xml
[DEBUG]  Deflating res/color/abc_secondary_text_material_light.xml
[DEBUG]  Deflating res/color/switch_thumb_material_dark.xml
[DEBUG]  Deflating res/color/switch_thumb_material_light.xml
[DEBUG]  Adding res/drawable-hdpi-v4/abc_ab_share_pack_mtrl_alpha.9.png
[DEBUG]  Adding res/drawable-hdpi-v4/abc_btn_check_to_on_mtrl_000.png
[DEBUG]  Adding res/drawable-hdpi-v4/abc_btn_check_to_on_mtrl_015.png
[DEBUG]  Adding res/drawable-hdpi-v4/abc_btn_radio_to_on_mtrl_000.png
[DEBUG]  Adding res/drawable-hdpi-v4/abc_btn_radio_to_on_mtrl_015.png
[DEBUG]  Adding res/drawable-hdpi-v4/abc_btn_rating_star_off_mtrl_alpha.png
[DEBUG]  Adding res/drawable-hdpi-v4/abc_btn_rating_star_on_mtrl_alpha.png
[DEBUG]  Adding res/drawable-hdpi-v4/abc_btn_switch_to_on_mtrl_00001.9.png
[DEBUG]  Adding res/drawable-hdpi-v4/abc_btn_switch_to_on_mtrl_00012.9.png
[DEBUG]  Adding res/drawable-hdpi-v4/abc_cab_background_top_mtrl_alpha.9.png
[DEBUG]  Adding res/drawable-hdpi-v4/abc_ic_ab_back_mtrl_am_alpha.png
[DEBUG]  Adding res/drawable-hdpi-v4/abc_ic_clear_mtrl_alpha.png
[DEBUG]  Adding res/drawable-hdpi-v4/abc_ic_commit_search_api_mtrl_alpha.png
[DEBUG]  Adding res/drawable-hdpi-v4/abc_ic_go_search_api_mtrl_alpha.png
[DEBUG]  Adding res/drawable-hdpi-v4/abc_ic_menu_copy_mtrl_am_alpha.png
[DEBUG]  Adding res/drawable-hdpi-v4/abc_ic_menu_cut_mtrl_alpha.png
[DEBUG]  Adding res/drawable-hdpi-v4/abc_ic_menu_moreoverflow_mtrl_alpha.png
[DEBUG]  Adding res/drawable-hdpi-v4/abc_ic_menu_paste_mtrl_am_alpha.png
[DEBUG]  Adding res/drawable-hdpi-v4/abc_ic_menu_selectall_mtrl_alpha.png
[DEBUG]  Adding res/drawable-hdpi-v4/abc_ic_menu_share_mtrl_alpha.png
[DEBUG]  Adding res/drawable-hdpi-v4/abc_ic_search_api_mtrl_alpha.png
[DEBUG]  Adding res/drawable-hdpi-v4/abc_ic_voice_search_api_mtrl_alpha.png
[DEBUG]  Adding res/drawable-hdpi-v4/abc_list_divider_mtrl_alpha.9.png
[DEBUG]  Adding res/drawable-hdpi-v4/abc_list_focused_holo.9.png
[DEBUG]  Adding res/drawable-hdpi-v4/abc_list_longpressed_holo.9.png
[DEBUG]  Adding res/drawable-hdpi-v4/abc_list_pressed_holo_dark.9.png
[DEBUG]  Adding res/drawable-hdpi-v4/abc_list_pressed_holo_light.9.png
[DEBUG]  Adding res/drawable-hdpi-v4/abc_list_selector_disabled_holo_dark.9.png
[DEBUG]  Adding res/drawable-hdpi-v4/abc_list_selector_disabled_holo_light.9.png
[DEBUG]  Adding res/drawable-hdpi-v4/abc_menu_hardkey_panel_mtrl_mult.9.png
[DEBUG]  Adding res/drawable-hdpi-v4/abc_popup_background_mtrl_mult.9.png
[DEBUG]  Adding res/drawable-hdpi-v4/abc_spinner_mtrl_am_alpha.9.png
[DEBUG]  Adding res/drawable-hdpi-v4/abc_switch_track_mtrl_alpha.9.png
[DEBUG]  Adding res/drawable-hdpi-v4/abc_tab_indicator_mtrl_alpha.9.png
[DEBUG]  Adding res/drawable-hdpi-v4/abc_text_cursor_mtrl_alpha.9.png
[DEBUG]  Adding res/drawable-hdpi-v4/abc_textfield_activated_mtrl_alpha.9.png
[DEBUG]  Adding res/drawable-hdpi-v4/abc_textfield_default_mtrl_alpha.9.png
[DEBUG]  Adding res/drawable-hdpi-v4/abc_textfield_search_activated_mtrl_alpha.9.png
[DEBUG]  Adding res/drawable-hdpi-v4/abc_textfield_search_default_mtrl_alpha.9.png
[DEBUG]  Adding res/drawable-ldrtl-hdpi-v4/abc_ic_ab_back_mtrl_am_alpha.png
[DEBUG]  Adding res/drawable-ldrtl-hdpi-v4/abc_ic_menu_copy_mtrl_am_alpha.png
[DEBUG]  Adding res/drawable-ldrtl-hdpi-v4/abc_ic_menu_cut_mtrl_alpha.png
[DEBUG]  Adding res/drawable-ldrtl-hdpi-v4/abc_spinner_mtrl_am_alpha.9.png
[DEBUG]  Adding res/drawable-ldrtl-mdpi-v4/abc_ic_ab_back_mtrl_am_alpha.png
[DEBUG]  Adding res/drawable-ldrtl-mdpi-v4/abc_ic_menu_copy_mtrl_am_alpha.png
[DEBUG]  Adding res/drawable-ldrtl-mdpi-v4/abc_ic_menu_cut_mtrl_alpha.png
[DEBUG]  Adding res/drawable-ldrtl-mdpi-v4/abc_spinner_mtrl_am_alpha.9.png
[DEBUG]  Adding res/drawable-ldrtl-xhdpi-v4/abc_ic_ab_back_mtrl_am_alpha.png
[DEBUG]  Adding res/drawable-ldrtl-xhdpi-v4/abc_ic_menu_copy_mtrl_am_alpha.png
[DEBUG]  Adding res/drawable-ldrtl-xhdpi-v4/abc_ic_menu_cut_mtrl_alpha.png
[DEBUG]  Adding res/drawable-ldrtl-xhdpi-v4/abc_spinner_mtrl_am_alpha.9.png
[DEBUG]  Adding res/drawable-ldrtl-xxhdpi-v4/abc_ic_ab_back_mtrl_am_alpha.png
[DEBUG]  Adding res/drawable-ldrtl-xxhdpi-v4/abc_ic_menu_copy_mtrl_am_alpha.png
[DEBUG]  Adding res/drawable-ldrtl-xxhdpi-v4/abc_ic_menu_cut_mtrl_alpha.png
[DEBUG]  Adding res/drawable-ldrtl-xxhdpi-v4/abc_spinner_mtrl_am_alpha.9.png
[DEBUG]  Adding res/drawable-ldrtl-xxxhdpi-v4/abc_ic_ab_back_mtrl_am_alpha.png
[DEBUG]  Adding res/drawable-ldrtl-xxxhdpi-v4/abc_ic_menu_copy_mtrl_am_alpha.png
[DEBUG]  Adding res/drawable-ldrtl-xxxhdpi-v4/abc_ic_menu_cut_mtrl_alpha.png
[DEBUG]  Adding res/drawable-ldrtl-xxxhdpi-v4/abc_spinner_mtrl_am_alpha.9.png
[DEBUG]  Adding res/drawable-long-land-hdpi-v4/background.png
[DEBUG]  Adding res/drawable-long-land-ldpi-v4/background.png
[DEBUG]  Adding res/drawable-long-port-hdpi-v4/background.png
[DEBUG]  Adding res/drawable-long-port-ldpi-v4/background.png
[DEBUG]  Adding res/drawable-mdpi-v4/abc_ab_share_pack_mtrl_alpha.9.png
[DEBUG]  Adding res/drawable-mdpi-v4/abc_btn_check_to_on_mtrl_000.png
[DEBUG]  Adding res/drawable-mdpi-v4/abc_btn_check_to_on_mtrl_015.png
[DEBUG]  Adding res/drawable-mdpi-v4/abc_btn_radio_to_on_mtrl_000.png
[DEBUG]  Adding res/drawable-mdpi-v4/abc_btn_radio_to_on_mtrl_015.png
[DEBUG]  Adding res/drawable-mdpi-v4/abc_btn_rating_star_off_mtrl_alpha.png
[DEBUG]  Adding res/drawable-mdpi-v4/abc_btn_rating_star_on_mtrl_alpha.png
[DEBUG]  Adding res/drawable-mdpi-v4/abc_btn_switch_to_on_mtrl_00001.9.png
[DEBUG]  Adding res/drawable-mdpi-v4/abc_btn_switch_to_on_mtrl_00012.9.png
[DEBUG]  Adding res/drawable-mdpi-v4/abc_cab_background_top_mtrl_alpha.9.png
[DEBUG]  Adding res/drawable-mdpi-v4/abc_ic_ab_back_mtrl_am_alpha.png
[DEBUG]  Adding res/drawable-mdpi-v4/abc_ic_clear_mtrl_alpha.png
[DEBUG]  Adding res/drawable-mdpi-v4/abc_ic_commit_search_api_mtrl_alpha.png
[DEBUG]  Adding res/drawable-mdpi-v4/abc_ic_go_search_api_mtrl_alpha.png
[DEBUG]  Adding res/drawable-mdpi-v4/abc_ic_menu_copy_mtrl_am_alpha.png
[DEBUG]  Adding res/drawable-mdpi-v4/abc_ic_menu_cut_mtrl_alpha.png
[DEBUG]  Adding res/drawable-mdpi-v4/abc_ic_menu_moreoverflow_mtrl_alpha.png
[DEBUG]  Adding res/drawable-mdpi-v4/abc_ic_menu_paste_mtrl_am_alpha.png
[DEBUG]  Adding res/drawable-mdpi-v4/abc_ic_menu_selectall_mtrl_alpha.png
[DEBUG]  Adding res/drawable-mdpi-v4/abc_ic_menu_share_mtrl_alpha.png
[DEBUG]  Adding res/drawable-mdpi-v4/abc_ic_search_api_mtrl_alpha.png
[DEBUG]  Adding res/drawable-mdpi-v4/abc_ic_voice_search_api_mtrl_alpha.png
[DEBUG]  Adding res/drawable-mdpi-v4/abc_list_divider_mtrl_alpha.9.png
[DEBUG]  Adding res/drawable-mdpi-v4/abc_list_focused_holo.9.png
[DEBUG]  Adding res/drawable-mdpi-v4/abc_list_longpressed_holo.9.png
[DEBUG]  Adding res/drawable-mdpi-v4/abc_list_pressed_holo_dark.9.png
[DEBUG]  Adding res/drawable-mdpi-v4/abc_list_pressed_holo_light.9.png
[DEBUG]  Adding res/drawable-mdpi-v4/abc_list_selector_disabled_holo_dark.9.png
[DEBUG]  Adding res/drawable-mdpi-v4/abc_list_selector_disabled_holo_light.9.png
[DEBUG]  Adding res/drawable-mdpi-v4/abc_menu_hardkey_panel_mtrl_mult.9.png
[DEBUG]  Adding res/drawable-mdpi-v4/abc_popup_background_mtrl_mult.9.png
[DEBUG]  Adding res/drawable-mdpi-v4/abc_spinner_mtrl_am_alpha.9.png
[DEBUG]  Adding res/drawable-mdpi-v4/abc_switch_track_mtrl_alpha.9.png
[DEBUG]  Adding res/drawable-mdpi-v4/abc_tab_indicator_mtrl_alpha.9.png
[DEBUG]  Adding res/drawable-mdpi-v4/abc_text_cursor_mtrl_alpha.9.png
[DEBUG]  Adding res/drawable-mdpi-v4/abc_textfield_activated_mtrl_alpha.9.png
[DEBUG]  Adding res/drawable-mdpi-v4/abc_textfield_default_mtrl_alpha.9.png
[DEBUG]  Adding res/drawable-mdpi-v4/abc_textfield_search_activated_mtrl_alpha.9.png
[DEBUG]  Adding res/drawable-mdpi-v4/abc_textfield_search_default_mtrl_alpha.9.png
[DEBUG]  Adding res/drawable-notlong-land-hdpi-v4/background.png
[DEBUG]  Adding res/drawable-notlong-land-ldpi-v4/background.png
[DEBUG]  Adding res/drawable-notlong-land-mdpi-v4/background.png
[DEBUG]  Adding res/drawable-notlong-port-hdpi-v4/background.png
[DEBUG]  Adding res/drawable-notlong-port-ldpi-v4/background.png
[DEBUG]  Adding res/drawable-notlong-port-mdpi-v4/background.png
[DEBUG]  Adding res/drawable-tvdpi-v4/abc_btn_switch_to_on_mtrl_00001.9.png
[DEBUG]  Adding res/drawable-tvdpi-v4/abc_btn_switch_to_on_mtrl_00012.9.png
[DEBUG]  Adding res/drawable-xhdpi-v4/abc_ab_share_pack_mtrl_alpha.9.png
[DEBUG]  Adding res/drawable-xhdpi-v4/abc_btn_check_to_on_mtrl_000.png
[DEBUG]  Adding res/drawable-xhdpi-v4/abc_btn_check_to_on_mtrl_015.png
[DEBUG]  Adding res/drawable-xhdpi-v4/abc_btn_radio_to_on_mtrl_000.png
[DEBUG]  Adding res/drawable-xhdpi-v4/abc_btn_radio_to_on_mtrl_015.png
[DEBUG]  Adding res/drawable-xhdpi-v4/abc_btn_rating_star_off_mtrl_alpha.png
[DEBUG]  Adding res/drawable-xhdpi-v4/abc_btn_rating_star_on_mtrl_alpha.png
[DEBUG]  Adding res/drawable-xhdpi-v4/abc_btn_switch_to_on_mtrl_00001.9.png
[DEBUG]  Adding res/drawable-xhdpi-v4/abc_btn_switch_to_on_mtrl_00012.9.png
[DEBUG]  Adding res/drawable-xhdpi-v4/abc_cab_background_top_mtrl_alpha.9.png
[DEBUG]  Adding res/drawable-xhdpi-v4/abc_ic_ab_back_mtrl_am_alpha.png
[DEBUG]  Adding res/drawable-xhdpi-v4/abc_ic_clear_mtrl_alpha.png
[DEBUG]  Adding res/drawable-xhdpi-v4/abc_ic_commit_search_api_mtrl_alpha.png
[DEBUG]  Adding res/drawable-xhdpi-v4/abc_ic_go_search_api_mtrl_alpha.png
[DEBUG]  Adding res/drawable-xhdpi-v4/abc_ic_menu_copy_mtrl_am_alpha.png
[DEBUG]  Adding res/drawable-xhdpi-v4/abc_ic_menu_cut_mtrl_alpha.png
[DEBUG]  Adding res/drawable-xhdpi-v4/abc_ic_menu_moreoverflow_mtrl_alpha.png
[DEBUG]  Adding res/drawable-xhdpi-v4/abc_ic_menu_paste_mtrl_am_alpha.png
[DEBUG]  Adding res/drawable-xhdpi-v4/abc_ic_menu_selectall_mtrl_alpha.png
[DEBUG]  Adding res/drawable-xhdpi-v4/abc_ic_menu_share_mtrl_alpha.png
[DEBUG]  Adding res/drawable-xhdpi-v4/abc_ic_search_api_mtrl_alpha.png
[DEBUG]  Adding res/drawable-xhdpi-v4/abc_ic_voice_search_api_mtrl_alpha.png
[DEBUG]  Adding res/drawable-xhdpi-v4/abc_list_divider_mtrl_alpha.9.png
[DEBUG]  Adding res/drawable-xhdpi-v4/abc_list_focused_holo.9.png
[DEBUG]  Adding res/drawable-xhdpi-v4/abc_list_longpressed_holo.9.png
[DEBUG]  Adding res/drawable-xhdpi-v4/abc_list_pressed_holo_dark.9.png
[DEBUG]  Adding res/drawable-xhdpi-v4/abc_list_pressed_holo_light.9.png
[DEBUG]  Adding res/drawable-xhdpi-v4/abc_list_selector_disabled_holo_dark.9.png
[DEBUG]  Adding res/drawable-xhdpi-v4/abc_list_selector_disabled_holo_light.9.png
[DEBUG]  Adding res/drawable-xhdpi-v4/abc_menu_hardkey_panel_mtrl_mult.9.png
[DEBUG]  Adding res/drawable-xhdpi-v4/abc_popup_background_mtrl_mult.9.png
[DEBUG]  Adding res/drawable-xhdpi-v4/abc_spinner_mtrl_am_alpha.9.png
[DEBUG]  Adding res/drawable-xhdpi-v4/abc_switch_track_mtrl_alpha.9.png
[DEBUG]  Adding res/drawable-xhdpi-v4/abc_tab_indicator_mtrl_alpha.9.png
[DEBUG]  Adding res/drawable-xhdpi-v4/abc_text_cursor_mtrl_alpha.9.png
[DEBUG]  Adding res/drawable-xhdpi-v4/abc_textfield_activated_mtrl_alpha.9.png
[DEBUG]  Adding res/drawable-xhdpi-v4/abc_textfield_default_mtrl_alpha.9.png
[DEBUG]  Adding res/drawable-xhdpi-v4/abc_textfield_search_activated_mtrl_alpha.9.png
[DEBUG]  Adding res/drawable-xhdpi-v4/abc_textfield_search_default_mtrl_alpha.9.png
[DEBUG]  Adding res/drawable-xxhdpi-v4/abc_ab_share_pack_mtrl_alpha.9.png
[DEBUG]  Adding res/drawable-xxhdpi-v4/abc_btn_check_to_on_mtrl_000.png
[DEBUG]  Adding res/drawable-xxhdpi-v4/abc_btn_check_to_on_mtrl_015.png
[DEBUG]  Adding res/drawable-xxhdpi-v4/abc_btn_radio_to_on_mtrl_000.png
[DEBUG]  Adding res/drawable-xxhdpi-v4/abc_btn_radio_to_on_mtrl_015.png
[DEBUG]  Adding res/drawable-xxhdpi-v4/abc_btn_rating_star_off_mtrl_alpha.png
[DEBUG]  Adding res/drawable-xxhdpi-v4/abc_btn_rating_star_on_mtrl_alpha.png
[DEBUG]  Adding res/drawable-xxhdpi-v4/abc_btn_switch_to_on_mtrl_00001.9.png
[DEBUG]  Adding res/drawable-xxhdpi-v4/abc_btn_switch_to_on_mtrl_00012.9.png
[DEBUG]  Adding res/drawable-xxhdpi-v4/abc_cab_background_top_mtrl_alpha.9.png
[DEBUG]  Adding res/drawable-xxhdpi-v4/abc_ic_ab_back_mtrl_am_alpha.png
[DEBUG]  Adding res/drawable-xxhdpi-v4/abc_ic_clear_mtrl_alpha.png
[DEBUG]  Adding res/drawable-xxhdpi-v4/abc_ic_commit_search_api_mtrl_alpha.png
[DEBUG]  Adding res/drawable-xxhdpi-v4/abc_ic_go_search_api_mtrl_alpha.png
[DEBUG]  Adding res/drawable-xxhdpi-v4/abc_ic_menu_copy_mtrl_am_alpha.png
[DEBUG]  Adding res/drawable-xxhdpi-v4/abc_ic_menu_cut_mtrl_alpha.png
[DEBUG]  Adding res/drawable-xxhdpi-v4/abc_ic_menu_moreoverflow_mtrl_alpha.png
[DEBUG]  Adding res/drawable-xxhdpi-v4/abc_ic_menu_paste_mtrl_am_alpha.png
[DEBUG]  Adding res/drawable-xxhdpi-v4/abc_ic_menu_selectall_mtrl_alpha.png
[DEBUG]  Adding res/drawable-xxhdpi-v4/abc_ic_menu_share_mtrl_alpha.png
[DEBUG]  Adding res/drawable-xxhdpi-v4/abc_ic_search_api_mtrl_alpha.png
[DEBUG]  Adding res/drawable-xxhdpi-v4/abc_ic_voice_search_api_mtrl_alpha.png
[DEBUG]  Adding res/drawable-xxhdpi-v4/abc_list_divider_mtrl_alpha.9.png
[DEBUG]  Adding res/drawable-xxhdpi-v4/abc_list_focused_holo.9.png
[DEBUG]  Adding res/drawable-xxhdpi-v4/abc_list_longpressed_holo.9.png
[DEBUG]  Adding res/drawable-xxhdpi-v4/abc_list_pressed_holo_dark.9.png
[DEBUG]  Adding res/drawable-xxhdpi-v4/abc_list_pressed_holo_light.9.png
[DEBUG]  Adding res/drawable-xxhdpi-v4/abc_list_selector_disabled_holo_dark.9.png
[DEBUG]  Adding res/drawable-xxhdpi-v4/abc_list_selector_disabled_holo_light.9.png
[DEBUG]  Adding res/drawable-xxhdpi-v4/abc_menu_hardkey_panel_mtrl_mult.9.png
[DEBUG]  Adding res/drawable-xxhdpi-v4/abc_popup_background_mtrl_mult.9.png
[DEBUG]  Adding res/drawable-xxhdpi-v4/abc_spinner_mtrl_am_alpha.9.png
[DEBUG]  Adding res/drawable-xxhdpi-v4/abc_switch_track_mtrl_alpha.9.png
[DEBUG]  Adding res/drawable-xxhdpi-v4/abc_tab_indicator_mtrl_alpha.9.png
[DEBUG]  Adding res/drawable-xxhdpi-v4/abc_text_cursor_mtrl_alpha.9.png
[DEBUG]  Adding res/drawable-xxhdpi-v4/abc_textfield_activated_mtrl_alpha.9.png
[DEBUG]  Adding res/drawable-xxhdpi-v4/abc_textfield_default_mtrl_alpha.9.png
[DEBUG]  Adding res/drawable-xxhdpi-v4/abc_textfield_search_activated_mtrl_alpha.9.png
[DEBUG]  Adding res/drawable-xxhdpi-v4/abc_textfield_search_default_mtrl_alpha.9.png
[DEBUG]  Adding res/drawable-xxxhdpi-v4/abc_btn_check_to_on_mtrl_000.png
[DEBUG]  Adding res/drawable-xxxhdpi-v4/abc_btn_check_to_on_mtrl_015.png
[DEBUG]  Adding res/drawable-xxxhdpi-v4/abc_btn_radio_to_on_mtrl_000.png
[DEBUG]  Adding res/drawable-xxxhdpi-v4/abc_btn_radio_to_on_mtrl_015.png
[DEBUG]  Adding res/drawable-xxxhdpi-v4/abc_btn_switch_to_on_mtrl_00001.9.png
[DEBUG]  Adding res/drawable-xxxhdpi-v4/abc_btn_switch_to_on_mtrl_00012.9.png
[DEBUG]  Adding res/drawable-xxxhdpi-v4/abc_ic_ab_back_mtrl_am_alpha.png
[DEBUG]  Adding res/drawable-xxxhdpi-v4/abc_ic_clear_mtrl_alpha.png
[DEBUG]  Adding res/drawable-xxxhdpi-v4/abc_ic_menu_copy_mtrl_am_alpha.png
[DEBUG]  Adding res/drawable-xxxhdpi-v4/abc_ic_menu_cut_mtrl_alpha.png
[DEBUG]  Adding res/drawable-xxxhdpi-v4/abc_ic_menu_moreoverflow_mtrl_alpha.png
[DEBUG]  Adding res/drawable-xxxhdpi-v4/abc_ic_menu_paste_mtrl_am_alpha.png
[DEBUG]  Adding res/drawable-xxxhdpi-v4/abc_ic_menu_selectall_mtrl_alpha.png
[DEBUG]  Adding res/drawable-xxxhdpi-v4/abc_ic_menu_share_mtrl_alpha.png
[DEBUG]  Adding res/drawable-xxxhdpi-v4/abc_ic_search_api_mtrl_alpha.png
[DEBUG]  Adding res/drawable-xxxhdpi-v4/abc_ic_voice_search_api_mtrl_alpha.png
[DEBUG]  Adding res/drawable-xxxhdpi-v4/abc_spinner_mtrl_am_alpha.9.png
[DEBUG]  Adding res/drawable-xxxhdpi-v4/abc_switch_track_mtrl_alpha.9.png
[DEBUG]  Adding res/drawable-xxxhdpi-v4/abc_tab_indicator_mtrl_alpha.9.png
[DEBUG]  Deflating res/drawable/abc_btn_borderless_material.xml
[DEBUG]  Deflating res/drawable/abc_btn_check_material.xml
[DEBUG]  Deflating res/drawable/abc_btn_default_mtrl_shape.xml
[DEBUG]  Deflating res/drawable/abc_btn_radio_material.xml
[DEBUG]  Deflating res/drawable/abc_cab_background_internal_bg.xml
[DEBUG]  Deflating res/drawable/abc_cab_background_top_material.xml
[DEBUG]  Deflating res/drawable/abc_dialog_material_background_dark.xml
[DEBUG]  Deflating res/drawable/abc_dialog_material_background_light.xml
[DEBUG]  Deflating res/drawable/abc_edit_text_material.xml
[DEBUG]  Deflating res/drawable/abc_item_background_holo_dark.xml
[DEBUG]  Deflating res/drawable/abc_item_background_holo_light.xml
[DEBUG]  Deflating res/drawable/abc_list_selector_background_transition_holo_dark.xml
[DEBUG]  Deflating res/drawable/abc_list_selector_background_transition_holo_light.xml
[DEBUG]  Deflating res/drawable/abc_list_selector_holo_dark.xml
[DEBUG]  Deflating res/drawable/abc_list_selector_holo_light.xml
[DEBUG]  Deflating res/drawable/abc_ratingbar_full_material.xml
[DEBUG]  Deflating res/drawable/abc_spinner_textfield_background_material.xml
[DEBUG]  Deflating res/drawable/abc_switch_thumb_material.xml
[DEBUG]  Deflating res/drawable/abc_tab_indicator_material.xml
[DEBUG]  Deflating res/drawable/abc_textfield_search_material.xml
[DEBUG]  Adding res/drawable/appicon.png
[DEBUG]  Adding res/drawable/background.png
[DEBUG]  Adding res/drawable/btn_check_buttonless_on_64.png
[DEBUG]  Adding res/drawable/btn_more_64.png
[DEBUG]  Adding res/drawable/disclosure_64.png
[DEBUG]  Deflating res/layout-v11/abc_screen_content_include.xml
[DEBUG]  Deflating res/layout-v17/abc_alert_dialog_material.xml
[DEBUG]  Deflating res/layout-v17/abc_dialog_title_material.xml
[DEBUG]  Deflating res/layout-v17/abc_search_view.xml
[DEBUG]  Deflating res/layout-v21/abc_screen_toolbar.xml
[DEBUG]  Deflating res/layout/abc_action_bar_title_item.xml
[DEBUG]  Deflating res/layout/abc_action_bar_up_container.xml
[DEBUG]  Deflating res/layout/abc_action_bar_view_list_nav_layout.xml
[DEBUG]  Deflating res/layout/abc_action_menu_item_layout.xml
[DEBUG]  Deflating res/layout/abc_action_menu_layout.xml
[DEBUG]  Deflating res/layout/abc_action_mode_bar.xml
[DEBUG]  Deflating res/layout/abc_action_mode_close_item_material.xml
[DEBUG]  Deflating res/layout/abc_activity_chooser_view.xml
[DEBUG]  Deflating res/layout/abc_activity_chooser_view_list_item.xml
[DEBUG]  Deflating res/layout/abc_alert_dialog_material.xml
[DEBUG]  Deflating res/layout/abc_dialog_title_material.xml
[DEBUG]  Deflating res/layout/abc_expanded_menu_layout.xml
[DEBUG]  Deflating res/layout/abc_list_menu_item_checkbox.xml
[DEBUG]  Deflating res/layout/abc_list_menu_item_icon.xml
[DEBUG]  Deflating res/layout/abc_list_menu_item_layout.xml
[DEBUG]  Deflating res/layout/abc_list_menu_item_radio.xml
[DEBUG]  Deflating res/layout/abc_popup_menu_item_layout.xml
[DEBUG]  Deflating res/layout/abc_screen_content_include.xml
[DEBUG]  Deflating res/layout/abc_screen_simple.xml
[DEBUG]  Deflating res/layout/abc_screen_simple_overlay_action_mode.xml
[DEBUG]  Deflating res/layout/abc_screen_toolbar.xml
[DEBUG]  Deflating res/layout/abc_search_dropdown_item_icons_2line.xml
[DEBUG]  Deflating res/layout/abc_search_view.xml
[DEBUG]  Deflating res/layout/abc_select_dialog_material.xml
[DEBUG]  Deflating res/layout/abc_simple_dropdown_hint.xml
[DEBUG]  Deflating res/layout/select_dialog_item_material.xml
[DEBUG]  Deflating res/layout/select_dialog_multichoice_material.xml
[DEBUG]  Deflating res/layout/select_dialog_singlechoice_material.xml
[DEBUG]  Deflating res/layout/support_simple_spinner_dropdown_item.xml
[DEBUG]  Deflating res/layout/titanium_tabgroup.xml
[DEBUG]  Deflating res/layout/titanium_ui_checkbox.xml
[DEBUG]  Deflating res/layout/titanium_ui_edittext.xml
[DEBUG]  Deflating res/layout/titanium_ui_list_header_or_footer.xml
[DEBUG]  Deflating res/layout/titanium_ui_list_item.xml
[DEBUG]  Deflating res/layout/titanium_ui_spinner.xml
[DEBUG]  Deflating res/layout/titanium_ui_switchcompat.xml
[DEBUG]  Deflating resources.arsc
[DEBUG]  Processing /Users/school/Library/Application Support/Titanium/mobilesdk/osx/4.1.0.GA/android/kroll-v8.jar
[DEBUG]  Processing /Users/school/Library/Application Support/Titanium/mobilesdk/osx/4.1.0.GA/android/modules/titanium-analytics.jar
[DEBUG]  Processing /Users/school/Library/Application Support/Titanium/mobilesdk/osx/4.1.0.GA/android/aps-analytics.jar
[DEBUG]  Processing /Users/school/Library/Application Support/Titanium/mobilesdk/osx/4.1.0.GA/android/modules/titanium-android.jar
[DEBUG]  Processing /Users/school/Library/Application Support/Titanium/mobilesdk/osx/4.1.0.GA/android/jaxen-1.1.1.jar
[DEBUG]  Processing /Users/school/Library/Application Support/Titanium/mobilesdk/osx/4.1.0.GA/android/ti-commons-codec-1.3.jar
[DEBUG]  Processing /Users/school/Library/Application Support/Titanium/mobilesdk/osx/4.1.0.GA/android/kroll-common.jar
[DEBUG]  Processing /Users/school/Library/Application Support/Titanium/mobilesdk/osx/4.1.0.GA/android/titanium.jar
[DEBUG]  Deflating org/appcelerator/titanium/build.properties
[DEBUG]  Adding org/appcelerator/titanium/res/drawable/background.png
[DEBUG]  Adding org/appcelerator/titanium/res/drawable/btn_check_buttonless_on.png
[DEBUG]  Adding org/appcelerator/titanium/res/drawable/btn_check_buttonless_on_100.png
[DEBUG]  Adding org/appcelerator/titanium/res/drawable/btn_check_buttonless_on_18.png
[DEBUG]  Adding org/appcelerator/titanium/res/drawable/btn_check_buttonless_on_48.png
[DEBUG]  Adding org/appcelerator/titanium/res/drawable/btn_check_buttonless_on_64.png
[DEBUG]  Adding org/appcelerator/titanium/res/drawable/btn_more.png
[DEBUG]  Adding org/appcelerator/titanium/res/drawable/btn_more_100.png
[DEBUG]  Adding org/appcelerator/titanium/res/drawable/btn_more_18.png
[DEBUG]  Adding org/appcelerator/titanium/res/drawable/btn_more_48.png
[DEBUG]  Adding org/appcelerator/titanium/res/drawable/btn_more_64.png
[DEBUG]  Adding org/appcelerator/titanium/res/drawable/btn_picker_normal.9.png
[DEBUG]  Adding org/appcelerator/titanium/res/drawable/btn_picker_pressed.9.png
[DEBUG]  Adding org/appcelerator/titanium/res/drawable/btn_picker_selected.9.png
[DEBUG]  Adding org/appcelerator/titanium/res/drawable/default_icon.png
[DEBUG]  Adding org/appcelerator/titanium/res/drawable/photoDefault.png
[DEBUG]  Processing /Users/school/Library/Application Support/Titanium/mobilesdk/osx/4.1.0.GA/android/modules/titanium-app.jar
[DEBUG]  Processing /Users/school/Library/Application Support/Titanium/mobilesdk/osx/4.1.0.GA/android/modules/titanium-ui.jar
[DEBUG]  Deflating ti/modules/titanium/ui/widget/webview/binding.js
[DEBUG]  Deflating ti/modules/titanium/ui/widget/webview/binding.min.js
[DEBUG]  Deflating ti/modules/titanium/ui/widget/webview/json2.js
[DEBUG]  Deflating ti/modules/titanium/ui/widget/webview/polling.js
[DEBUG]  Deflating ti/modules/titanium/ui/widget/webview/polling.min.js
[DEBUG]  Processing /Users/school/Library/Application Support/Titanium/mobilesdk/osx/4.1.0.GA/android/nineoldandroids-appc-2.4.0.jar
[DEBUG]  Processing /Users/school/Library/Application Support/Titanium/mobilesdk/osx/4.1.0.GA/android/modules/titanium-filesystem.jar
[DEBUG]  Processing /Users/school/Library/Application Support/Titanium/mobilesdk/osx/4.1.0.GA/android/modules/titanium-media.jar
[DEBUG]  Processing /Users/school/Library/Application Support/Titanium/mobilesdk/osx/4.1.0.GA/android/modules/titanium-appcompat.jar
[DEBUG]  Processing /Users/school/Library/Application Support/Titanium/mobilesdk/osx/4.1.0.GA/android/android-support-v4.jar
[DEBUG]  Processing /Users/school/Library/Application Support/Titanium/mobilesdk/osx/4.1.0.GA/android/android-support-v7-appcompat.jar
[DEBUG]  Processing /Users/school/Library/Application Support/Titanium/mobilesdk/osx/4.1.0.GA/android/modules/titanium-locale.jar
[DEBUG]  Processing /Users/school/Library/Application Support/Titanium/mobilesdk/osx/4.1.0.GA/android/modules/titanium-network.jar
[DEBUG]  Processing /Users/school/Library/Application Support/Titanium/mobilesdk/osx/4.1.0.GA/android/thirdparty.jar
[DEBUG]  Deflating org/apache/Commons-NOTICE.txt
[DEBUG]  Deflating org/apache/HttpComponents-NOTICE.txt
[DEBUG]  Deflating org/apache/mime4j-NOTICE.txt
[DEBUG]  Processing /Users/school/Library/Application Support/Titanium/mobilesdk/osx/4.1.0.GA/android/modules/titanium-xml.jar
[DEBUG]  Processing /Users/school/Library/Application Support/Titanium/mobilesdk/osx/4.1.0.GA/android/modules/titanium-utils.jar
[DEBUG]  Processing /Users/school/Library/Application Support/Titanium/mobilesdk/osx/4.1.0.GA/android/modules/titanium-geolocation.jar
[DEBUG]  Processing /Users/school/Library/Application Support/Titanium/mobilesdk/osx/4.1.0.GA/android/modules/titanium-accelerometer.jar
[DEBUG]  Processing /Users/school/Library/Application Support/Titanium/mobilesdk/osx/4.1.0.GA/android/modules/titanium-contacts.jar
[DEBUG]  Processing /Users/school/Library/Application Support/Titanium/mobilesdk/osx/4.1.0.GA/android/modules/titanium-map.jar
[DEBUG]  Processing /Users/school/Library/Application Support/Titanium/mobilesdk/osx/4.1.0.GA/android/modules/titanium-calendar.jar
[DEBUG]  Processing /Users/school/Library/Application Support/Titanium/mobilesdk/osx/4.1.0.GA/android/modules/titanium-gesture.jar
[DEBUG]  Processing /Users/school/Library/Application Support/Titanium/mobilesdk/osx/4.1.0.GA/android/modules/titanium-platform.jar
[DEBUG]  Processing /Users/school/Library/Application Support/Titanium/mobilesdk/osx/4.1.0.GA/android/modules/titanium-database.jar
[DEBUG]  Adding classes.dex
[INFO]   Processing /Users/school/Documents/School/AVF/Projects_AVF/AVF_Daroshka_01/build/android/src
[DEBUG]  Adding lib/armeabi/libkroll-v8.so
[DEBUG]  Adding lib/armeabi/libstlport_shared.so
[DEBUG]  Adding lib/armeabi/libtiverify.so
[DEBUG]  Adding lib/armeabi-v7a/libkroll-v8.so
[DEBUG]  Adding lib/armeabi-v7a/libstlport_shared.so
[DEBUG]  Adding lib/armeabi-v7a/libtiverify.so
[DEBUG]  Adding lib/x86/libkroll-v8.so
[DEBUG]  Adding lib/x86/libstlport_shared.so
[DEBUG]  Adding lib/x86/libtiverify.so
[INFO]   Writing unsigned apk: /Users/school/Documents/School/AVF/Projects_AVF/AVF_Daroshka_01/build/android/bin/app-unsigned.apk
[INFO]   Using MD5withRSA signature algorithm
[INFO]   Signing apk: /Library/Java/JavaVirtualMachines/jdk1.7.0_80.jdk/Contents/Home/bin/jarsigner "-sigalg" "MD5withRSA" "-digestalg" "SHA1" "-keystore" "/Users/school/Library/Application Support/Titanium/mobilesdk/osx/4.1.0.GA/android/dev_keystore" "-storepass" "*******" "-signedjar" "/Users/school/Documents/School/AVF/Projects_AVF/AVF_Daroshka_01/build/android/bin/AVF_Daroshka_01.apk" "/Users/school/Documents/School/AVF/Projects_AVF/AVF_Daroshka_01/build/android/bin/app-unsigned.apk" "tidev"
[INFO]   Aligning zip file: /Users/school/Library/android-sdk-macosx/build-tools/23.0.0/zipalign "-v" "4" "/Users/school/Documents/School/AVF/Projects_AVF/AVF_Daroshka_01/build/android/bin/AVF_Daroshka_01.apk" "/Users/school/Documents/School/AVF/Projects_AVF/AVF_Daroshka_01/build/android/bin/AVF_Daroshka_01.apkz"
[INFO]   Writing build manifest: /Users/school/Documents/School/AVF/Projects_AVF/AVF_Daroshka_01/build/android/build-manifest.json
[INFO]   Making sure the adb server is running
[INFO]   Installing apk: /Users/school/Documents/School/AVF/Projects_AVF/AVF_Daroshka_01/build/android/bin/AVF_Daroshka_01.apk
[TRACE]  Checking if package manager service is started
[TRACE]  Package manager has started
[TRACE]  Executing: /Users/school/Library/android-sdk-macosx/platform-tools/adb -s emulator-5554 install -r /Users/school/Documents/School/AVF/Projects_AVF/AVF_Daroshka_01/build/android/bin/AVF_Daroshka_01.apk
[INFO]   App successfully installed
[INFO]   Starting app: com.avf.daroshka01/.Avf_daroshka_01Activity
[DEBUG]  Trying to start the app...
[INFO]   Application pid: 2845
[INFO]   Project built successfully in 35s 676ms
